Using pre-set license
Built from '2020.3/release' branch; Version is '2020.3.2f1 (8fd9074bf66c) revision 9427207'; Using compiler version '192528614'; Build Type 'Release'
OS: 'Windows 10 Home; OS build 19043.906; Version 2009; 64bit' Language: 'en' Physical Memory: 15789 MB
BatchMode: 1, IsHumanControllingUs: 0, StartBugReporterOnCrash: 0, Is64bit: 1, IsPro: 0

 COMMAND LINE ARGUMENTS:
C:\Users\cory\Unity Editors\2020.3.2f1\Editor\Unity.exe
-adb2
-batchMode
-noUpm
-name
AssetImportWorker0
-projectPath
C:/Users/cory/Unity Projects/Endless-Runner
-logFile
Logs/AssetImportWorker0.log
-srvPort
63146
Successfully changed project path to: C:/Users/cory/Unity Projects/Endless-Runner
C:/Users/cory/Unity Projects/Endless-Runner
Using Asset Import Pipeline V2.
Refreshing native plugins compatible for Editor in 68.38 ms, found 0 plugins.
Preloading 0 native plugins for Editor in 0.00 ms.
Initialize engine version: 2020.3.2f1 (8fd9074bf66c)
[Subsystems] Discovering subsystems at path C:/Users/cory/Unity Editors/2020.3.2f1/Editor/Data/Resources/UnitySubsystems
[Subsystems] Discovering subsystems at path C:/Users/cory/Unity Projects/Endless-Runner/Assets
GfxDevice: creating device client; threaded=0
Direct3D:
    Version:  Direct3D 11.0 [level 11.1]
    Renderer: NVIDIA GeForce RTX 2060 with Max-Q Design (ID=0x1f12)
    Vendor:   
    VRAM:     5980 MB
    Driver:   27.21.14.6140
Initialize mono
Mono path[0] = 'C:/Users/cory/Unity Editors/2020.3.2f1/Editor/Data/Managed'
Mono path[1] = 'C:/Users/cory/Unity Editors/2020.3.2f1/Editor/Data/MonoBleedingEdge/lib/mono/unityjit'
Mono config path = 'C:/Users/cory/Unity Editors/2020.3.2f1/Editor/Data/MonoBleedingEdge/etc'
Using monoOptions --debugger-agent=transport=dt_socket,embedding=1,server=y,suspend=n,address=127.0.0.1:56576
Begin MonoManager ReloadAssembly
Registering precompiled unity dll's ...
Register platform support module: C:/Users/cory/Unity Editors/2020.3.2f1/Editor/Data/PlaybackEngines/WebGLSupport/UnityEditor.WebGL.Extensions.dll
Register platform support module: C:/Users/cory/Unity Editors/2020.3.2f1/Editor/Data/PlaybackEngines/WindowsStandaloneSupport/UnityEditor.WindowsStandalone.Extensions.dll
Registered in 0.002411 seconds.
Native extension for WindowsStandalone target not found
Native extension for WebGL target not found
Refreshing native plugins compatible for Editor in 78.09 ms, found 0 plugins.
Preloading 0 native plugins for Editor in 0.00 ms.
Invoked RoslynAnalysisRunner static constructor.
RoslynAnalysisRunner will not be running.
RoslynAnalysisRunner has terminated.
Mono: successfully reloaded assembly
- Completed reload, in  1.660 seconds
Platform modules already initialized, skipping
Registering precompiled user dll's ...
Registered in 0.001520 seconds.
Begin MonoManager ReloadAssembly
Native extension for WindowsStandalone target not found
Native extension for WebGL target not found
Refreshing native plugins compatible for Editor in 77.29 ms, found 0 plugins.
Preloading 0 native plugins for Editor in 0.00 ms.
Invoked RoslynAnalysisRunner static constructor.
RoslynAnalysisRunner will not be running.
RoslynAnalysisRunner has terminated.
Mono: successfully reloaded assembly
- Completed reload, in  1.297 seconds
Platform modules already initialized, skipping
========================================================================
Worker process is ready to serve import requests
Launched and connected shader compiler UnityShaderCompiler.exe after 0.12 seconds
Refreshing native plugins compatible for Editor in 1.22 ms, found 0 plugins.
Preloading 0 native plugins for Editor in 0.00 ms.
Unloading 3482 Unused Serialized files (Serialized files now loaded: 0)
System memory in use before: 169.1 MB.
System memory in use after: 166.1 MB.

Unloading 44 unused Assets to reduce memory usage. Loaded Objects now: 3898.
Total: 6.778100 ms (FindLiveObjects: 1.400600 ms CreateObjectMapping: 0.410900 ms MarkObjects: 3.008000 ms  DeleteObjects: 1.956400 ms)

========================================================================
Received Import Request.
  path: Assets/Images/white_1x1.png
  artifactKey: Guid(d94615a0746a7fa4696161f88241052e) Importer(815301076,1909f56bfc062723c751e8b465ee728b)
Start importing Assets/Images/white_1x1.png using Guid(d94615a0746a7fa4696161f88241052e) Importer(815301076,1909f56bfc062723c751e8b465ee728b)  -> (artifact id: '9af029c40666e85c8dc5f344b15e6428') in 0.117275 seconds
  Import took 0.123985 seconds .

========================================================================
Received Import Request.
  Time since last request: 0.000396 seconds.
  path: Assets/Images
  artifactKey: Guid(c435799e259589342b025a1cc790a016) Importer(815301076,1909f56bfc062723c751e8b465ee728b)
Start importing Assets/Images using Guid(c435799e259589342b025a1cc790a016) Importer(815301076,1909f56bfc062723c751e8b465ee728b)  -> (artifact id: 'a88342f43245f79606dbaeb6423d0392') in 0.007165 seconds
  Import took 0.013330 seconds .

========================================================================
Received Import Request.
  Time since last request: 2.216311 seconds.
  path: Assets/Images/white_1x1.png
  artifactKey: Guid(d94615a0746a7fa4696161f88241052e) Importer(815301076,1909f56bfc062723c751e8b465ee728b)
Start importing Assets/Images/white_1x1.png using Guid(d94615a0746a7fa4696161f88241052e) Importer(815301076,1909f56bfc062723c751e8b465ee728b)  -> (artifact id: '9af029c40666e85c8dc5f344b15e6428') in 0.013403 seconds
  Import took 0.031012 seconds .

========================================================================
Received Import Request.
  Time since last request: 27.036007 seconds.
  path: Assets/Images/white_1x1.png
  artifactKey: Guid(d94615a0746a7fa4696161f88241052e) Importer(815301076,1909f56bfc062723c751e8b465ee728b)
Start importing Assets/Images/white_1x1.png using Guid(d94615a0746a7fa4696161f88241052e) Importer(815301076,1909f56bfc062723c751e8b465ee728b)  -> (artifact id: '7b6676b433c7ebb036b44d84908bb832') in 0.053728 seconds
  Import took 0.063337 seconds .

========================================================================
Received Import Request.
  Time since last request: 118.923074 seconds.
  path: Assets/Images/white_1x1.png
  artifactKey: Guid(d94615a0746a7fa4696161f88241052e) Importer(815301076,1909f56bfc062723c751e8b465ee728b)
Start importing Assets/Images/white_1x1.png using Guid(d94615a0746a7fa4696161f88241052e) Importer(815301076,1909f56bfc062723c751e8b465ee728b)  -> (artifact id: '774acfcda23b105e906c867342bec835') in 0.015976 seconds
  Import took 0.027625 seconds .

========================================================================
Received Prepare
Registering precompiled user dll's ...
Registered in 0.002853 seconds.
Begin MonoManager ReloadAssembly
Native extension for WindowsStandalone target not found
Native extension for WebGL target not found
Refreshing native plugins compatible for Editor in 0.66 ms, found 0 plugins.
Preloading 0 native plugins for Editor in 0.00 ms.
Invoked RoslynAnalysisRunner static constructor.
RoslynAnalysisRunner will not be running.
RoslynAnalysisRunner has terminated.
Mono: successfully reloaded assembly
- Completed reload, in  1.099 seconds
Platform modules already initialized, skipping
Refreshing native plugins compatible for Editor in 0.91 ms, found 0 plugins.
Preloading 0 native plugins for Editor in 0.00 ms.
Unloading 3243 Unused Serialized files (Serialized files now loaded: 0)
System memory in use before: 161.0 MB.
System memory in use after: 158.0 MB.

Unloading 39 unused Assets to reduce memory usage. Loaded Objects now: 3907.
Total: 5.455100 ms (FindLiveObjects: 0.508800 ms CreateObjectMapping: 0.253200 ms MarkObjects: 2.706100 ms  DeleteObjects: 1.984400 ms)

========================================================================
Received Import Request.
  Time since last request: 55.801342 seconds.
  path: ProjectSettings/TagManager.asset
  artifactKey: Guid(00000000000000003000000000000000) Importer(815301076,1909f56bfc062723c751e8b465ee728b)
Start importing ProjectSettings/TagManager.asset using Guid(00000000000000003000000000000000) Importer(815301076,1909f56bfc062723c751e8b465ee728b)  -> (artifact id: '77637c797f7bc36018e2d04431175e91') in 0.035091 seconds
  Import took 0.044115 seconds .

========================================================================
Received Import Request.
  Time since last request: 0.022094 seconds.
  path: ProjectSettings/TagManager.asset
  artifactKey: Guid(00000000000000003000000000000000) Importer(815301076,1909f56bfc062723c751e8b465ee728b)
Start importing ProjectSettings/TagManager.asset using Guid(00000000000000003000000000000000) Importer(815301076,1909f56bfc062723c751e8b465ee728b)  -> (artifact id: '77637c797f7bc36018e2d04431175e91') in 0.006011 seconds
  Import took 0.015538 seconds .

========================================================================
Received Prepare
Registering precompiled user dll's ...
Registered in 0.001533 seconds.
Begin MonoManager ReloadAssembly
Native extension for WindowsStandalone target not found
Native extension for WebGL target not found
Refreshing native plugins compatible for Editor in 0.73 ms, found 0 plugins.
Preloading 0 native plugins for Editor in 0.00 ms.
Invoked RoslynAnalysisRunner static constructor.
RoslynAnalysisRunner will not be running.
RoslynAnalysisRunner has terminated.
Mono: successfully reloaded assembly
- Completed reload, in  1.030 seconds
Platform modules already initialized, skipping
Refreshing native plugins compatible for Editor in 0.61 ms, found 0 plugins.
Preloading 0 native plugins for Editor in 0.00 ms.
Unloading 3243 Unused Serialized files (Serialized files now loaded: 0)
System memory in use before: 161.1 MB.
System memory in use after: 158.1 MB.

Unloading 41 unused Assets to reduce memory usage. Loaded Objects now: 3910.
Total: 5.489000 ms (FindLiveObjects: 0.905600 ms CreateObjectMapping: 0.277200 ms MarkObjects: 2.188600 ms  DeleteObjects: 2.115700 ms)

========================================================================
Received Prepare
Registering precompiled user dll's ...
Registered in 0.001357 seconds.
Begin MonoManager ReloadAssembly
Native extension for WindowsStandalone target not found
Native extension for WebGL target not found
Refreshing native plugins compatible for Editor in 0.60 ms, found 0 plugins.
Preloading 0 native plugins for Editor in 0.00 ms.
Invoked RoslynAnalysisRunner static constructor.
RoslynAnalysisRunner will not be running.
RoslynAnalysisRunner has terminated.
Mono: successfully reloaded assembly
- Completed reload, in  1.140 seconds
Platform modules already initialized, skipping
Refreshing native plugins compatible for Editor in 0.75 ms, found 0 plugins.
Preloading 0 native plugins for Editor in 0.00 ms.
Unloading 3243 Unused Serialized files (Serialized files now loaded: 0)
System memory in use before: 161.1 MB.
System memory in use after: 158.1 MB.

Unloading 39 unused Assets to reduce memory usage. Loaded Objects now: 3913.
Total: 6.406400 ms (FindLiveObjects: 0.416900 ms CreateObjectMapping: 0.110000 ms MarkObjects: 3.351400 ms  DeleteObjects: 2.525100 ms)

========================================================================
Received Import Request.
  Time since last request: 307.106019 seconds.
  path: Assets/Scripts
  artifactKey: Guid(1187d26b3466f0647b26f14fd00651f4) Importer(815301076,1909f56bfc062723c751e8b465ee728b)
Start importing Assets/Scripts using Guid(1187d26b3466f0647b26f14fd00651f4) Importer(815301076,1909f56bfc062723c751e8b465ee728b)  -> (artifact id: '393c00577e06acf89c93461d057ca691') in 0.016003 seconds
  Import took 0.027024 seconds .

========================================================================
Received Import Request.
  Time since last request: 8.238767 seconds.
  path: Assets/Scripts/GameHandler.cs
  artifactKey: Guid(388ea2c9a045762408736da7a347a47c) Importer(815301076,1909f56bfc062723c751e8b465ee728b)
Start importing Assets/Scripts/GameHandler.cs using Guid(388ea2c9a045762408736da7a347a47c) Importer(815301076,1909f56bfc062723c751e8b465ee728b)  -> (artifact id: '8dba14cab51deb145c278b5d1fa6155a') in 0.028645 seconds
  Import took 0.045635 seconds .

========================================================================
Received Prepare
Registering precompiled user dll's ...
Registered in 0.002038 seconds.
Begin MonoManager ReloadAssembly
Native extension for WindowsStandalone target not found
Native extension for WebGL target not found
Refreshing native plugins compatible for Editor in 2.05 ms, found 0 plugins.
Preloading 0 native plugins for Editor in 0.00 ms.
Invoked RoslynAnalysisRunner static constructor.
RoslynAnalysisRunner will not be running.
RoslynAnalysisRunner has terminated.
Mono: successfully reloaded assembly
- Completed reload, in  1.099 seconds
Platform modules already initialized, skipping
Refreshing native plugins compatible for Editor in 0.64 ms, found 0 plugins.
Preloading 0 native plugins for Editor in 0.00 ms.
Unloading 3244 Unused Serialized files (Serialized files now loaded: 0)
System memory in use before: 161.1 MB.
System memory in use after: 158.2 MB.

Unloading 39 unused Assets to reduce memory usage. Loaded Objects now: 3917.
Total: 5.717700 ms (FindLiveObjects: 0.469400 ms CreateObjectMapping: 0.136700 ms MarkObjects: 2.628500 ms  DeleteObjects: 2.480700 ms)

========================================================================
Received Prepare
Registering precompiled user dll's ...
Registered in 0.002008 seconds.
Begin MonoManager ReloadAssembly
Native extension for WindowsStandalone target not found
Native extension for WebGL target not found
Refreshing native plugins compatible for Editor in 0.59 ms, found 0 plugins.
Preloading 0 native plugins for Editor in 0.00 ms.
Invoked RoslynAnalysisRunner static constructor.
RoslynAnalysisRunner will not be running.
RoslynAnalysisRunner has terminated.
Mono: successfully reloaded assembly
- Completed reload, in  1.064 seconds
Platform modules already initialized, skipping
Refreshing native plugins compatible for Editor in 0.67 ms, found 0 plugins.
Preloading 0 native plugins for Editor in 0.00 ms.
Unloading 3263 Unused Serialized files (Serialized files now loaded: 0)
System memory in use before: 161.7 MB.
System memory in use after: 158.7 MB.

Unloading 39 unused Assets to reduce memory usage. Loaded Objects now: 3939.
Total: 6.954300 ms (FindLiveObjects: 0.882500 ms CreateObjectMapping: 0.250600 ms MarkObjects: 2.857100 ms  DeleteObjects: 2.961300 ms)

========================================================================
Received Prepare
Registering precompiled user dll's ...
Registered in 0.001955 seconds.
Begin MonoManager ReloadAssembly
Native extension for WindowsStandalone target not found
Native extension for WebGL target not found
Refreshing native plugins compatible for Editor in 0.67 ms, found 0 plugins.
Preloading 0 native plugins for Editor in 0.00 ms.
Invoked RoslynAnalysisRunner static constructor.
RoslynAnalysisRunner will not be running.
RoslynAnalysisRunner has terminated.
Mono: successfully reloaded assembly
- Completed reload, in  1.186 seconds
Platform modules already initialized, skipping
Refreshing native plugins compatible for Editor in 0.61 ms, found 0 plugins.
Preloading 0 native plugins for Editor in 0.00 ms.
Unloading 3263 Unused Serialized files (Serialized files now loaded: 0)
System memory in use before: 161.7 MB.
System memory in use after: 158.8 MB.

Unloading 39 unused Assets to reduce memory usage. Loaded Objects now: 3942.
Total: 6.321900 ms (FindLiveObjects: 0.668700 ms CreateObjectMapping: 0.301400 ms MarkObjects: 2.951600 ms  DeleteObjects: 2.397700 ms)

========================================================================
Received Prepare
Registering precompiled user dll's ...
Registered in 0.001886 seconds.
Begin MonoManager ReloadAssembly
Native extension for WindowsStandalone target not found
Native extension for WebGL target not found
Refreshing native plugins compatible for Editor in 0.92 ms, found 0 plugins.
Preloading 0 native plugins for Editor in 0.00 ms.
Invoked RoslynAnalysisRunner static constructor.
RoslynAnalysisRunner will not be running.
RoslynAnalysisRunner has terminated.
Mono: successfully reloaded assembly
- Completed reload, in  1.017 seconds
Platform modules already initialized, skipping
Refreshing native plugins compatible for Editor in 0.56 ms, found 0 plugins.
Preloading 0 native plugins for Editor in 0.00 ms.
Unloading 3263 Unused Serialized files (Serialized files now loaded: 0)
System memory in use before: 161.7 MB.
System memory in use after: 158.8 MB.

Unloading 39 unused Assets to reduce memory usage. Loaded Objects now: 3945.
Total: 5.852900 ms (FindLiveObjects: 0.351700 ms CreateObjectMapping: 0.175200 ms MarkObjects: 2.809800 ms  DeleteObjects: 2.513400 ms)

========================================================================
Received Import Request.
  Time since last request: 483.811453 seconds.
  path: Assets
  artifactKey: Guid(00000000000000001000000000000000) Importer(815301076,1909f56bfc062723c751e8b465ee728b)
Start importing Assets using Guid(00000000000000001000000000000000) Importer(815301076,1909f56bfc062723c751e8b465ee728b)  -> (artifact id: '819a33a9bd799f71faca6db75e8a216c') in 0.018235 seconds
  Import took 0.027995 seconds .

========================================================================
Received Import Request.
  Time since last request: 4.972457 seconds.
  path: Assets/Scripts
  artifactKey: Guid(07b704941f365644dbe504fe63c092d2) Importer(815301076,1909f56bfc062723c751e8b465ee728b)
Start importing Assets/Scripts using Guid(07b704941f365644dbe504fe63c092d2) Importer(815301076,1909f56bfc062723c751e8b465ee728b)  -> (artifact id: '7cab6a707bf84caace44a9e8a6cfeba8') in 0.006630 seconds
  Import took 0.013602 seconds .

========================================================================
Received Import Request.
  Time since last request: 12.472801 seconds.
  path: Assets/Scenes/Main Scene/Scripts/PlayerController.cs
  artifactKey: Guid(4ba9638e2f79e1742b9b58f4395b929a) Importer(815301076,1909f56bfc062723c751e8b465ee728b)
Start importing Assets/Scenes/Main Scene/Scripts/PlayerController.cs using Guid(4ba9638e2f79e1742b9b58f4395b929a) Importer(815301076,1909f56bfc062723c751e8b465ee728b)  -> (artifact id: '5dd7bcb39c10437107328f8022b55230') in 0.012386 seconds
  Import took 0.021213 seconds .

========================================================================
Received Prepare
Registering precompiled user dll's ...
Registered in 0.001310 seconds.
Begin MonoManager ReloadAssembly
Native extension for WindowsStandalone target not found
Native extension for WebGL target not found
Refreshing native plugins compatible for Editor in 0.75 ms, found 0 plugins.
Preloading 0 native plugins for Editor in 0.00 ms.
Invoked RoslynAnalysisRunner static constructor.
RoslynAnalysisRunner will not be running.
RoslynAnalysisRunner has terminated.
Mono: successfully reloaded assembly
- Completed reload, in  1.026 seconds
Platform modules already initialized, skipping
Refreshing native plugins compatible for Editor in 0.59 ms, found 0 plugins.
Preloading 0 native plugins for Editor in 0.00 ms.
Unloading 3264 Unused Serialized files (Serialized files now loaded: 0)
System memory in use before: 161.8 MB.
System memory in use after: 158.8 MB.

Unloading 39 unused Assets to reduce memory usage. Loaded Objects now: 3949.
Total: 4.959000 ms (FindLiveObjects: 0.584200 ms CreateObjectMapping: 0.231900 ms MarkObjects: 2.120200 ms  DeleteObjects: 2.021100 ms)

========================================================================
Received Prepare
Registering precompiled user dll's ...
Registered in 0.001484 seconds.
Begin MonoManager ReloadAssembly
Native extension for WindowsStandalone target not found
Native extension for WebGL target not found
Refreshing native plugins compatible for Editor in 0.69 ms, found 0 plugins.
Preloading 0 native plugins for Editor in 0.00 ms.
Invoked RoslynAnalysisRunner static constructor.
RoslynAnalysisRunner will not be running.
RoslynAnalysisRunner has terminated.
Mono: successfully reloaded assembly
- Completed reload, in  1.092 seconds
Platform modules already initialized, skipping
Refreshing native plugins compatible for Editor in 0.72 ms, found 0 plugins.
Preloading 0 native plugins for Editor in 0.00 ms.
Unloading 3264 Unused Serialized files (Serialized files now loaded: 0)
System memory in use before: 161.8 MB.
System memory in use after: 158.8 MB.

Unloading 39 unused Assets to reduce memory usage. Loaded Objects now: 3952.
Total: 8.135200 ms (FindLiveObjects: 0.559800 ms CreateObjectMapping: 0.190700 ms MarkObjects: 3.643100 ms  DeleteObjects: 3.739200 ms)

========================================================================
Received Prepare
Registering precompiled user dll's ...
Registered in 0.001705 seconds.
Begin MonoManager ReloadAssembly
Native extension for WindowsStandalone target not found
Native extension for WebGL target not found
Refreshing native plugins compatible for Editor in 0.79 ms, found 0 plugins.
Preloading 0 native plugins for Editor in 0.00 ms.
Invoked RoslynAnalysisRunner static constructor.
RoslynAnalysisRunner will not be running.
RoslynAnalysisRunner has terminated.
Mono: successfully reloaded assembly
- Completed reload, in  1.015 seconds
Platform modules already initialized, skipping
Refreshing native plugins compatible for Editor in 0.62 ms, found 0 plugins.
Preloading 0 native plugins for Editor in 0.00 ms.
Unloading 3264 Unused Serialized files (Serialized files now loaded: 0)
System memory in use before: 161.8 MB.
System memory in use after: 158.8 MB.

Unloading 39 unused Assets to reduce memory usage. Loaded Objects now: 3955.
Total: 4.907200 ms (FindLiveObjects: 0.457300 ms CreateObjectMapping: 0.097000 ms MarkObjects: 1.956400 ms  DeleteObjects: 2.395100 ms)

========================================================================
Received Prepare
Registering precompiled user dll's ...
Registered in 0.001507 seconds.
Begin MonoManager ReloadAssembly
Native extension for WindowsStandalone target not found
Native extension for WebGL target not found
Refreshing native plugins compatible for Editor in 0.58 ms, found 0 plugins.
Preloading 0 native plugins for Editor in 0.00 ms.
Invoked RoslynAnalysisRunner static constructor.
RoslynAnalysisRunner will not be running.
RoslynAnalysisRunner has terminated.
Mono: successfully reloaded assembly
- Completed reload, in  1.044 seconds
Platform modules already initialized, skipping
Refreshing native plugins compatible for Editor in 0.83 ms, found 0 plugins.
Preloading 0 native plugins for Editor in 0.00 ms.
Unloading 3264 Unused Serialized files (Serialized files now loaded: 0)
System memory in use before: 161.8 MB.
System memory in use after: 158.8 MB.

Unloading 39 unused Assets to reduce memory usage. Loaded Objects now: 3958.
Total: 5.613300 ms (FindLiveObjects: 0.879000 ms CreateObjectMapping: 0.312500 ms MarkObjects: 2.309300 ms  DeleteObjects: 2.110300 ms)

========================================================================
Received Prepare
Registering precompiled user dll's ...
Registered in 0.001272 seconds.
Begin MonoManager ReloadAssembly
Native extension for WindowsStandalone target not found
Native extension for WebGL target not found
Refreshing native plugins compatible for Editor in 0.70 ms, found 0 plugins.
Preloading 0 native plugins for Editor in 0.00 ms.
Invoked RoslynAnalysisRunner static constructor.
RoslynAnalysisRunner will not be running.
RoslynAnalysisRunner has terminated.
Mono: successfully reloaded assembly
- Completed reload, in  1.250 seconds
Platform modules already initialized, skipping
Refreshing native plugins compatible for Editor in 0.98 ms, found 0 plugins.
Preloading 0 native plugins for Editor in 0.00 ms.
Unloading 3264 Unused Serialized files (Serialized files now loaded: 0)
System memory in use before: 161.8 MB.
System memory in use after: 158.8 MB.

Unloading 39 unused Assets to reduce memory usage. Loaded Objects now: 3961.
Total: 7.480300 ms (FindLiveObjects: 0.449000 ms CreateObjectMapping: 0.170100 ms MarkObjects: 3.238500 ms  DeleteObjects: 3.620500 ms)

========================================================================
Received Prepare
Registering precompiled user dll's ...
Registered in 0.001811 seconds.
Begin MonoManager ReloadAssembly
Native extension for WindowsStandalone target not found
Native extension for WebGL target not found
Refreshing native plugins compatible for Editor in 0.59 ms, found 0 plugins.
Preloading 0 native plugins for Editor in 0.00 ms.
Invoked RoslynAnalysisRunner static constructor.
RoslynAnalysisRunner will not be running.
RoslynAnalysisRunner has terminated.
Mono: successfully reloaded assembly
- Completed reload, in  1.055 seconds
Platform modules already initialized, skipping
Refreshing native plugins compatible for Editor in 0.56 ms, found 0 plugins.
Preloading 0 native plugins for Editor in 0.00 ms.
Unloading 3264 Unused Serialized files (Serialized files now loaded: 0)
System memory in use before: 161.8 MB.
System memory in use after: 158.8 MB.

Unloading 39 unused Assets to reduce memory usage. Loaded Objects now: 3964.
Total: 7.107900 ms (FindLiveObjects: 1.415800 ms CreateObjectMapping: 0.232400 ms MarkObjects: 2.859600 ms  DeleteObjects: 2.597200 ms)

========================================================================
Received Prepare
Registering precompiled user dll's ...
Registered in 0.001513 seconds.
Begin MonoManager ReloadAssembly
Native extension for WindowsStandalone target not found
Native extension for WebGL target not found
Refreshing native plugins compatible for Editor in 0.73 ms, found 0 plugins.
Preloading 0 native plugins for Editor in 0.00 ms.
Invoked RoslynAnalysisRunner static constructor.
RoslynAnalysisRunner will not be running.
RoslynAnalysisRunner has terminated.
Mono: successfully reloaded assembly
- Completed reload, in  1.051 seconds
Platform modules already initialized, skipping
Refreshing native plugins compatible for Editor in 0.62 ms, found 0 plugins.
Preloading 0 native plugins for Editor in 0.00 ms.
Unloading 3264 Unused Serialized files (Serialized files now loaded: 0)
System memory in use before: 161.8 MB.
System memory in use after: 158.8 MB.

Unloading 39 unused Assets to reduce memory usage. Loaded Objects now: 3967.
Total: 6.329000 ms (FindLiveObjects: 0.953600 ms CreateObjectMapping: 0.259100 ms MarkObjects: 2.890600 ms  DeleteObjects: 2.223200 ms)

========================================================================
Received Prepare
Registering precompiled user dll's ...
Registered in 0.001471 seconds.
Begin MonoManager ReloadAssembly
Native extension for WindowsStandalone target not found
Native extension for WebGL target not found
Refreshing native plugins compatible for Editor in 0.77 ms, found 0 plugins.
Preloading 0 native plugins for Editor in 0.00 ms.
Invoked RoslynAnalysisRunner static constructor.
RoslynAnalysisRunner will not be running.
RoslynAnalysisRunner has terminated.
Mono: successfully reloaded assembly
- Completed reload, in  1.058 seconds
Platform modules already initialized, skipping
Refreshing native plugins compatible for Editor in 0.69 ms, found 0 plugins.
Preloading 0 native plugins for Editor in 0.00 ms.
Unloading 3264 Unused Serialized files (Serialized files now loaded: 0)
System memory in use before: 161.8 MB.
System memory in use after: 158.8 MB.

Unloading 39 unused Assets to reduce memory usage. Loaded Objects now: 3970.
Total: 6.441200 ms (FindLiveObjects: 0.543500 ms CreateObjectMapping: 0.110100 ms MarkObjects: 2.688100 ms  DeleteObjects: 3.097600 ms)

========================================================================
Received Prepare
Registering precompiled user dll's ...
Registered in 0.002269 seconds.
Begin MonoManager ReloadAssembly
Native extension for WindowsStandalone target not found
Native extension for WebGL target not found
Refreshing native plugins compatible for Editor in 0.56 ms, found 0 plugins.
Preloading 0 native plugins for Editor in 0.00 ms.
Invoked RoslynAnalysisRunner static constructor.
RoslynAnalysisRunner will not be running.
RoslynAnalysisRunner has terminated.
Mono: successfully reloaded assembly
- Completed reload, in  1.088 seconds
Platform modules already initialized, skipping
Refreshing native plugins compatible for Editor in 0.86 ms, found 0 plugins.
Preloading 0 native plugins for Editor in 0.00 ms.
Unloading 3264 Unused Serialized files (Serialized files now loaded: 0)
System memory in use before: 161.8 MB.
System memory in use after: 158.9 MB.

Unloading 39 unused Assets to reduce memory usage. Loaded Objects now: 3973.
Total: 5.733000 ms (FindLiveObjects: 0.547300 ms CreateObjectMapping: 0.257000 ms MarkObjects: 2.433700 ms  DeleteObjects: 2.493200 ms)

========================================================================
Received Prepare
Registering precompiled user dll's ...
Registered in 0.001510 seconds.
Begin MonoManager ReloadAssembly
Native extension for WindowsStandalone target not found
Native extension for WebGL target not found
Refreshing native plugins compatible for Editor in 0.60 ms, found 0 plugins.
Preloading 0 native plugins for Editor in 0.00 ms.
Invoked RoslynAnalysisRunner static constructor.
RoslynAnalysisRunner will not be running.
RoslynAnalysisRunner has terminated.
Mono: successfully reloaded assembly
- Completed reload, in  1.080 seconds
Platform modules already initialized, skipping
Refreshing native plugins compatible for Editor in 0.78 ms, found 0 plugins.
Preloading 0 native plugins for Editor in 0.00 ms.
Unloading 3264 Unused Serialized files (Serialized files now loaded: 0)
System memory in use before: 161.8 MB.
System memory in use after: 158.9 MB.

Unloading 39 unused Assets to reduce memory usage. Loaded Objects now: 3976.
Total: 6.404000 ms (FindLiveObjects: 1.041100 ms CreateObjectMapping: 0.369800 ms MarkObjects: 2.452100 ms  DeleteObjects: 2.538600 ms)

========================================================================
Received Prepare
Registering precompiled user dll's ...
Registered in 0.001696 seconds.
Begin MonoManager ReloadAssembly
Native extension for WindowsStandalone target not found
Native extension for WebGL target not found
Refreshing native plugins compatible for Editor in 0.95 ms, found 0 plugins.
Preloading 0 native plugins for Editor in 0.00 ms.
Invoked RoslynAnalysisRunner static constructor.
RoslynAnalysisRunner will not be running.
RoslynAnalysisRunner has terminated.
Mono: successfully reloaded assembly
- Completed reload, in  1.233 seconds
Platform modules already initialized, skipping
Refreshing native plugins compatible for Editor in 0.87 ms, found 0 plugins.
Preloading 0 native plugins for Editor in 0.00 ms.
Unloading 3264 Unused Serialized files (Serialized files now loaded: 0)
System memory in use before: 161.8 MB.
System memory in use after: 158.9 MB.

Unloading 39 unused Assets to reduce memory usage. Loaded Objects now: 3979.
Total: 6.506600 ms (FindLiveObjects: 0.753000 ms CreateObjectMapping: 0.332600 ms MarkObjects: 2.901300 ms  DeleteObjects: 2.517000 ms)

========================================================================
Received Import Request.
  Time since last request: 1318.990993 seconds.
  path: ProjectSettings/TagManager.asset
  artifactKey: Guid(00000000000000003000000000000000) Importer(815301076,1909f56bfc062723c751e8b465ee728b)
Start importing ProjectSettings/TagManager.asset using Guid(00000000000000003000000000000000) Importer(815301076,1909f56bfc062723c751e8b465ee728b)  -> (artifact id: '59e20435e98fa439f46ac9f959bf239f') in 0.018302 seconds
  Import took 0.027797 seconds .

========================================================================
Received Import Request.
  Time since last request: 0.020272 seconds.
  path: ProjectSettings/TagManager.asset
  artifactKey: Guid(00000000000000003000000000000000) Importer(815301076,1909f56bfc062723c751e8b465ee728b)
Start importing ProjectSettings/TagManager.asset using Guid(00000000000000003000000000000000) Importer(815301076,1909f56bfc062723c751e8b465ee728b)  -> (artifact id: '59e20435e98fa439f46ac9f959bf239f') in 0.005598 seconds
  Import took 0.013752 seconds .

========================================================================
Received Prepare
Registering precompiled user dll's ...
Registered in 0.001696 seconds.
Begin MonoManager ReloadAssembly
Native extension for WindowsStandalone target not found
Native extension for WebGL target not found
Refreshing native plugins compatible for Editor in 0.56 ms, found 0 plugins.
Preloading 0 native plugins for Editor in 0.00 ms.
Invoked RoslynAnalysisRunner static constructor.
RoslynAnalysisRunner will not be running.
RoslynAnalysisRunner has terminated.
Mono: successfully reloaded assembly
- Completed reload, in  1.031 seconds
Platform modules already initialized, skipping
Refreshing native plugins compatible for Editor in 0.60 ms, found 0 plugins.
Preloading 0 native plugins for Editor in 0.00 ms.
Unloading 3264 Unused Serialized files (Serialized files now loaded: 0)
System memory in use before: 161.8 MB.
System memory in use after: 158.9 MB.

Unloading 41 unused Assets to reduce memory usage. Loaded Objects now: 3982.
Total: 5.886200 ms (FindLiveObjects: 0.567500 ms CreateObjectMapping: 0.242700 ms MarkObjects: 2.702000 ms  DeleteObjects: 2.371800 ms)

========================================================================
Received Prepare
Registering precompiled user dll's ...
Registered in 0.001579 seconds.
Begin MonoManager ReloadAssembly
Native extension for WindowsStandalone target not found
Native extension for WebGL target not found
Refreshing native plugins compatible for Editor in 0.61 ms, found 0 plugins.
Preloading 0 native plugins for Editor in 0.00 ms.
Invoked RoslynAnalysisRunner static constructor.
RoslynAnalysisRunner will not be running.
RoslynAnalysisRunner has terminated.
Mono: successfully reloaded assembly
- Completed reload, in  1.127 seconds
Platform modules already initialized, skipping
Refreshing native plugins compatible for Editor in 0.78 ms, found 0 plugins.
Preloading 0 native plugins for Editor in 0.00 ms.
Unloading 3264 Unused Serialized files (Serialized files now loaded: 0)
System memory in use before: 161.8 MB.
System memory in use after: 158.9 MB.

Unloading 39 unused Assets to reduce memory usage. Loaded Objects now: 3985.
Total: 8.794400 ms (FindLiveObjects: 0.658300 ms CreateObjectMapping: 0.492700 ms MarkObjects: 4.811200 ms  DeleteObjects: 2.829400 ms)

========================================================================
Received Prepare
Registering precompiled user dll's ...
Registered in 0.001809 seconds.
Begin MonoManager ReloadAssembly
Native extension for WindowsStandalone target not found
Native extension for WebGL target not found
Refreshing native plugins compatible for Editor in 1.04 ms, found 0 plugins.
Preloading 0 native plugins for Editor in 0.00 ms.
Invoked RoslynAnalysisRunner static constructor.
RoslynAnalysisRunner will not be running.
RoslynAnalysisRunner has terminated.
Mono: successfully reloaded assembly
- Completed reload, in  1.053 seconds
Platform modules already initialized, skipping
Refreshing native plugins compatible for Editor in 0.61 ms, found 0 plugins.
Preloading 0 native plugins for Editor in 0.00 ms.
Unloading 3264 Unused Serialized files (Serialized files now loaded: 0)
System memory in use before: 161.8 MB.
System memory in use after: 158.9 MB.

Unloading 39 unused Assets to reduce memory usage. Loaded Objects now: 3988.
Total: 5.518500 ms (FindLiveObjects: 0.401200 ms CreateObjectMapping: 0.172600 ms MarkObjects: 2.621000 ms  DeleteObjects: 2.321800 ms)

========================================================================
Received Prepare
Registering precompiled user dll's ...
Registered in 0.001382 seconds.
Begin MonoManager ReloadAssembly
Native extension for WindowsStandalone target not found
Native extension for WebGL target not found
Refreshing native plugins compatible for Editor in 0.79 ms, found 0 plugins.
Preloading 0 native plugins for Editor in 0.00 ms.
Invoked RoslynAnalysisRunner static constructor.
RoslynAnalysisRunner will not be running.
RoslynAnalysisRunner has terminated.
Mono: successfully reloaded assembly
- Completed reload, in  1.119 seconds
Platform modules already initialized, skipping
Refreshing native plugins compatible for Editor in 0.74 ms, found 0 plugins.
Preloading 0 native plugins for Editor in 0.00 ms.
Unloading 3264 Unused Serialized files (Serialized files now loaded: 0)
System memory in use before: 161.8 MB.
System memory in use after: 158.9 MB.

Unloading 39 unused Assets to reduce memory usage. Loaded Objects now: 3991.
Total: 6.192300 ms (FindLiveObjects: 0.520300 ms CreateObjectMapping: 0.282900 ms MarkObjects: 3.081900 ms  DeleteObjects: 2.305100 ms)

AssetImportWorkerClient::OnTransportError - code=2 error=End of file
