Using pre-set license
Built from '2020.3/release' branch; Version is '2020.3.2f1 (8fd9074bf66c) revision 9427207'; Using compiler version '192528614'; Build Type 'Release'
OS: 'Windows 10 Pro; OS build 21343.1000; Version 2009; 64bit' Language: 'en' Physical Memory: 24527 MB
BatchMode: 1, IsHumanControllingUs: 0, StartBugReporterOnCrash: 0, Is64bit: 1, IsPro: 0

 COMMAND LINE ARGUMENTS:
C:\Program Files\Unity\Hub\Editor\2020.3.2f1\Editor\Unity.exe
-adb2
-batchMode
-noUpm
-name
AssetImportWorker0
-projectPath
H:/Unity Projects/Endless-Runner
-logFile
Logs/AssetImportWorker0.log
-srvPort
64200
Successfully changed project path to: H:/Unity Projects/Endless-Runner
H:/Unity Projects/Endless-Runner
Using Asset Import Pipeline V2.
Refreshing native plugins compatible for Editor in 114.36 ms, found 0 plugins.
Preloading 0 native plugins for Editor in 0.00 ms.
Initialize engine version: 2020.3.2f1 (8fd9074bf66c)
[Subsystems] Discovering subsystems at path C:/Program Files/Unity/Hub/Editor/2020.3.2f1/Editor/Data/Resources/UnitySubsystems
[Subsystems] Discovering subsystems at path H:/Unity Projects/Endless-Runner/Assets
GfxDevice: creating device client; threaded=0
Direct3D:
    Version:  Direct3D 11.0 [level 11.1]
    Renderer: NVIDIA GeForce GTX 1060 6GB (ID=0x1c03)
    Vendor:   
    VRAM:     6052 MB
    Driver:   27.21.14.6140
Shader 'Universal Render Pipeline/Particles/Lit': fallback shader 'Universal Render Pipeline/Particles/SimpleLit' not found
Initialize mono
Mono path[0] = 'C:/Program Files/Unity/Hub/Editor/2020.3.2f1/Editor/Data/Managed'
Mono path[1] = 'C:/Program Files/Unity/Hub/Editor/2020.3.2f1/Editor/Data/MonoBleedingEdge/lib/mono/unityjit'
Mono config path = 'C:/Program Files/Unity/Hub/Editor/2020.3.2f1/Editor/Data/MonoBleedingEdge/etc'
Using monoOptions --debugger-agent=transport=dt_socket,embedding=1,server=y,suspend=n,address=127.0.0.1:56008
Begin MonoManager ReloadAssembly
Registering precompiled unity dll's ...
Register platform support module: C:/Program Files/Unity/Hub/Editor/2020.3.2f1/Editor/Data/PlaybackEngines/WebGLSupport/UnityEditor.WebGL.Extensions.dll
Register platform support module: C:/Program Files/Unity/Hub/Editor/2020.3.2f1/Editor/Data/PlaybackEngines/WindowsStandaloneSupport/UnityEditor.WindowsStandalone.Extensions.dll
Registered in 0.004213 seconds.
Native extension for WindowsStandalone target not found
Native extension for WebGL target not found
Refreshing native plugins compatible for Editor in 118.16 ms, found 0 plugins.
Preloading 0 native plugins for Editor in 0.00 ms.
Invoked RoslynAnalysisRunner static constructor.
RoslynAnalysisRunner will not be running.
RoslynAnalysisRunner has terminated.
Mono: successfully reloaded assembly
- Completed reload, in  2.711 seconds
Platform modules already initialized, skipping
Registering precompiled user dll's ...
Registered in 0.001745 seconds.
Begin MonoManager ReloadAssembly
Native extension for WindowsStandalone target not found
Native extension for WebGL target not found
Refreshing native plugins compatible for Editor in 107.75 ms, found 0 plugins.
Preloading 0 native plugins for Editor in 0.00 ms.
Invoked RoslynAnalysisRunner static constructor.
RoslynAnalysisRunner will not be running.
RoslynAnalysisRunner has terminated.
Mono: successfully reloaded assembly
- Completed reload, in  1.520 seconds
Platform modules already initialized, skipping
========================================================================
Worker process is ready to serve import requests
Shader 'Universal Render Pipeline/Particles/Lit': fallback shader 'Universal Render Pipeline/Particles/SimpleLit' not found
Launched and connected shader compiler UnityShaderCompiler.exe after 0.05 seconds
Refreshing native plugins compatible for Editor in 0.67 ms, found 0 plugins.
Preloading 0 native plugins for Editor in 0.00 ms.
Unloading 3989 Unused Serialized files (Serialized files now loaded: 0)
System memory in use before: 182.7 MB.
System memory in use after: 183.0 MB.

Unloading 11 unused Assets to reduce memory usage. Loaded Objects now: 4435.
Total: 3.832400 ms (FindLiveObjects: 0.446000 ms CreateObjectMapping: 0.151800 ms MarkObjects: 3.134800 ms  DeleteObjects: 0.098100 ms)

========================================================================
Received Import Request.
  path: Assets/Scenes/Main Scene/Prefabs/pfGroundWithHill.prefab
  artifactKey: Guid(bef7f44953e06d8418c87fc8b852f293) Importer(815301076,1909f56bfc062723c751e8b465ee728b)
Start importing Assets/Scenes/Main Scene/Prefabs/pfGroundWithHill.prefab using Guid(bef7f44953e06d8418c87fc8b852f293) Importer(815301076,1909f56bfc062723c751e8b465ee728b)  -> (artifact id: 'ea73c1eaecc6091d559c5d1760f28282') in 0.288322 seconds
  Import took 0.295738 seconds .

========================================================================
Received Prepare
Shader 'Universal Render Pipeline/Particles/Lit': fallback shader 'Universal Render Pipeline/Particles/SimpleLit' not found
Refreshing native plugins compatible for Editor in 1.37 ms, found 0 plugins.
Preloading 0 native plugins for Editor in 0.00 ms.
Unloading 3 Unused Serialized files (Serialized files now loaded: 0)
System memory in use before: 95.9 MB.
System memory in use after: 96.1 MB.

Unloading 3 unused Assets to reduce memory usage. Loaded Objects now: 4591.
Total: 4.273300 ms (FindLiveObjects: 0.466500 ms CreateObjectMapping: 0.116900 ms MarkObjects: 3.647600 ms  DeleteObjects: 0.040900 ms)

========================================================================
Received Import Request.
  Time since last request: 46.722707 seconds.
  path: Assets/Scenes/Main Scene/Prefabs/pfGroundWithHole.prefab
  artifactKey: Guid(88a0db479f6bf1b45ae544bf5babe50c) Importer(815301076,1909f56bfc062723c751e8b465ee728b)
Start importing Assets/Scenes/Main Scene/Prefabs/pfGroundWithHole.prefab using Guid(88a0db479f6bf1b45ae544bf5babe50c) Importer(815301076,1909f56bfc062723c751e8b465ee728b)  -> (artifact id: 'cba5ace9ac313091dc61aa6a1005382c') in 0.027186 seconds
  Import took 0.035095 seconds .

========================================================================
Received Import Request.
  Time since last request: 2.158834 seconds.
  path: Assets/Scenes/Main Scene/Prefabs/pfGroundWithHole.prefab
  artifactKey: Guid(88a0db479f6bf1b45ae544bf5babe50c) Importer(815301076,1909f56bfc062723c751e8b465ee728b)
Start importing Assets/Scenes/Main Scene/Prefabs/pfGroundWithHole.prefab using Guid(88a0db479f6bf1b45ae544bf5babe50c) Importer(815301076,1909f56bfc062723c751e8b465ee728b)  -> (artifact id: 'b8d3e595d7a2a3a97783e3b482ab2d9f') in 0.022450 seconds
  Import took 0.029732 seconds .

========================================================================
Received Import Request.
  Time since last request: 12.173317 seconds.
  path: Assets/Scenes/Main Scene/Prefabs/pfGroundWithHole.prefab
  artifactKey: Guid(88a0db479f6bf1b45ae544bf5babe50c) Importer(815301076,1909f56bfc062723c751e8b465ee728b)
Start importing Assets/Scenes/Main Scene/Prefabs/pfGroundWithHole.prefab using Guid(88a0db479f6bf1b45ae544bf5babe50c) Importer(815301076,1909f56bfc062723c751e8b465ee728b)  -> (artifact id: '55f828c440031665623e6c8d34759658') in 0.020704 seconds
  Import took 0.027717 seconds .

========================================================================
Received Import Request.
  Time since last request: 2.191223 seconds.
  path: Assets/Scenes/Main Scene/Prefabs/pfGroundWithHole.prefab
  artifactKey: Guid(88a0db479f6bf1b45ae544bf5babe50c) Importer(815301076,1909f56bfc062723c751e8b465ee728b)
Start importing Assets/Scenes/Main Scene/Prefabs/pfGroundWithHole.prefab using Guid(88a0db479f6bf1b45ae544bf5babe50c) Importer(815301076,1909f56bfc062723c751e8b465ee728b)  -> (artifact id: 'a6473c09f63c6a7cf6d2695b0ae520f0') in 0.021449 seconds
  Import took 0.028274 seconds .

========================================================================
Received Import Request.
  Time since last request: 5.245111 seconds.
  path: Assets/Scenes/Main Scene/Prefabs/pfGroundWithHole.prefab
  artifactKey: Guid(88a0db479f6bf1b45ae544bf5babe50c) Importer(815301076,1909f56bfc062723c751e8b465ee728b)
Start importing Assets/Scenes/Main Scene/Prefabs/pfGroundWithHole.prefab using Guid(88a0db479f6bf1b45ae544bf5babe50c) Importer(815301076,1909f56bfc062723c751e8b465ee728b)  -> (artifact id: '66c63c16d0b4d28705e50396a49a03cf') in 0.020917 seconds
  Import took 0.027774 seconds .

========================================================================
Received Import Request.
  Time since last request: 4.044382 seconds.
  path: Assets/Scenes/Main Scene/Prefabs/pfGroundWithHole.prefab
  artifactKey: Guid(88a0db479f6bf1b45ae544bf5babe50c) Importer(815301076,1909f56bfc062723c751e8b465ee728b)
Start importing Assets/Scenes/Main Scene/Prefabs/pfGroundWithHole.prefab using Guid(88a0db479f6bf1b45ae544bf5babe50c) Importer(815301076,1909f56bfc062723c751e8b465ee728b)  -> (artifact id: '5601e915bd665d2cd09455efbbf95807') in 0.021339 seconds
  Import took 0.028181 seconds .

========================================================================
Received Import Request.
  Time since last request: 12.545075 seconds.
  path: Assets/Scenes/Main Scene/Prefabs/pfFlatGround.prefab
  artifactKey: Guid(06b96b98cfab80c4e9be6a78232c3962) Importer(815301076,1909f56bfc062723c751e8b465ee728b)
Start importing Assets/Scenes/Main Scene/Prefabs/pfFlatGround.prefab using Guid(06b96b98cfab80c4e9be6a78232c3962) Importer(815301076,1909f56bfc062723c751e8b465ee728b)  -> (artifact id: '90913c12afc33f266cf360689c7b7308') in 0.023490 seconds
  Import took 0.030714 seconds .

========================================================================
Received Import Request.
  Time since last request: 2.369818 seconds.
  path: Assets/Scenes/Main Scene/Prefabs/pfFlatGround.prefab
  artifactKey: Guid(06b96b98cfab80c4e9be6a78232c3962) Importer(815301076,1909f56bfc062723c751e8b465ee728b)
Start importing Assets/Scenes/Main Scene/Prefabs/pfFlatGround.prefab using Guid(06b96b98cfab80c4e9be6a78232c3962) Importer(815301076,1909f56bfc062723c751e8b465ee728b)  -> (artifact id: '86caa26f37e2f11977964f073ccb4e69') in 0.020459 seconds
  Import took 0.028151 seconds .

========================================================================
Received Prepare
Registering precompiled user dll's ...
Registered in 0.001459 seconds.
Begin MonoManager ReloadAssembly
Native extension for WindowsStandalone target not found
Native extension for WebGL target not found
Refreshing native plugins compatible for Editor in 0.70 ms, found 0 plugins.
Preloading 0 native plugins for Editor in 0.00 ms.
Invoked RoslynAnalysisRunner static constructor.
RoslynAnalysisRunner will not be running.
RoslynAnalysisRunner has terminated.
Mono: successfully reloaded assembly
- Completed reload, in  1.460 seconds
Platform modules already initialized, skipping
Shader 'Universal Render Pipeline/Particles/Lit': fallback shader 'Universal Render Pipeline/Particles/SimpleLit' not found
Refreshing native plugins compatible for Editor in 0.76 ms, found 0 plugins.
Preloading 0 native plugins for Editor in 0.00 ms.
Unloading 3777 Unused Serialized files (Serialized files now loaded: 0)
System memory in use before: 174.0 MB.
System memory in use after: 174.3 MB.

Unloading 6 unused Assets to reduce memory usage. Loaded Objects now: 4567.
Total: 3.432000 ms (FindLiveObjects: 0.448100 ms CreateObjectMapping: 0.109800 ms MarkObjects: 2.828700 ms  DeleteObjects: 0.044000 ms)

========================================================================
Received Import Request.
  Time since last request: 41.781439 seconds.
  path: Assets/Scenes/Main Scene/Prefabs/pfGroundWithHill.prefab
  artifactKey: Guid(bef7f44953e06d8418c87fc8b852f293) Importer(815301076,1909f56bfc062723c751e8b465ee728b)
Start importing Assets/Scenes/Main Scene/Prefabs/pfGroundWithHill.prefab using Guid(bef7f44953e06d8418c87fc8b852f293) Importer(815301076,1909f56bfc062723c751e8b465ee728b)  -> (artifact id: 'a0594bbf989e35e5d5ea0109d7178aef') in 0.193097 seconds
  Import took 0.200908 seconds .

========================================================================
Received Import Request.
  Time since last request: 2.662453 seconds.
  path: Assets/Scenes/Main Scene/Prefabs/pfGroundWithHill.prefab
  artifactKey: Guid(bef7f44953e06d8418c87fc8b852f293) Importer(815301076,1909f56bfc062723c751e8b465ee728b)
Start importing Assets/Scenes/Main Scene/Prefabs/pfGroundWithHill.prefab using Guid(bef7f44953e06d8418c87fc8b852f293) Importer(815301076,1909f56bfc062723c751e8b465ee728b)  -> (artifact id: 'e222c6c5eca8044a81d651b12dde59ae') in 0.016776 seconds
  Import took 0.024113 seconds .

========================================================================
Received Import Request.
  Time since last request: 5.309633 seconds.
  path: Assets/Scenes/Main Scene/Prefabs/pfGroundWithHill.prefab
  artifactKey: Guid(bef7f44953e06d8418c87fc8b852f293) Importer(815301076,1909f56bfc062723c751e8b465ee728b)
Start importing Assets/Scenes/Main Scene/Prefabs/pfGroundWithHill.prefab using Guid(bef7f44953e06d8418c87fc8b852f293) Importer(815301076,1909f56bfc062723c751e8b465ee728b)  -> (artifact id: 'c866a330dfc68168d6cd5a6136ee6b20') in 0.015314 seconds
  Import took 0.022588 seconds .

========================================================================
Received Import Request.
  Time since last request: 7.678464 seconds.
  path: Assets/Scenes/Main Scene/Prefabs/pfGroundWithHill.prefab
  artifactKey: Guid(bef7f44953e06d8418c87fc8b852f293) Importer(815301076,1909f56bfc062723c751e8b465ee728b)
Start importing Assets/Scenes/Main Scene/Prefabs/pfGroundWithHill.prefab using Guid(bef7f44953e06d8418c87fc8b852f293) Importer(815301076,1909f56bfc062723c751e8b465ee728b)  -> (artifact id: '31df53e46f0c5f75101e249096d39340') in 0.016562 seconds
  Import took 0.023835 seconds .

========================================================================
Received Import Request.
  Time since last request: 1.806643 seconds.
  path: Assets/Scenes/Main Scene/Prefabs/pfGroundWithHill.prefab
  artifactKey: Guid(bef7f44953e06d8418c87fc8b852f293) Importer(815301076,1909f56bfc062723c751e8b465ee728b)
Start importing Assets/Scenes/Main Scene/Prefabs/pfGroundWithHill.prefab using Guid(bef7f44953e06d8418c87fc8b852f293) Importer(815301076,1909f56bfc062723c751e8b465ee728b)  -> (artifact id: '5c61af56cf311d9a0944e1e95f63b569') in 0.015477 seconds
  Import took 0.022805 seconds .

========================================================================
Received Import Request.
  Time since last request: 2.422587 seconds.
  path: Assets/Scenes/Main Scene/Prefabs/pfGroundWithHill.prefab
  artifactKey: Guid(bef7f44953e06d8418c87fc8b852f293) Importer(815301076,1909f56bfc062723c751e8b465ee728b)
Start importing Assets/Scenes/Main Scene/Prefabs/pfGroundWithHill.prefab using Guid(bef7f44953e06d8418c87fc8b852f293) Importer(815301076,1909f56bfc062723c751e8b465ee728b)  -> (artifact id: '3194a2eab5c8baaee16a8d4fbf2769a8') in 0.015549 seconds
  Import took 0.023564 seconds .

========================================================================
Received Import Request.
  Time since last request: 1.005878 seconds.
  path: Assets/Scenes/Main Scene/Prefabs/pfGroundWithHill.prefab
  artifactKey: Guid(bef7f44953e06d8418c87fc8b852f293) Importer(815301076,1909f56bfc062723c751e8b465ee728b)
Start importing Assets/Scenes/Main Scene/Prefabs/pfGroundWithHill.prefab using Guid(bef7f44953e06d8418c87fc8b852f293) Importer(815301076,1909f56bfc062723c751e8b465ee728b)  -> (artifact id: '54077239dda63f19801f4673df96aafd') in 0.014900 seconds
  Import took 0.022223 seconds .

========================================================================
Received Import Request.
  Time since last request: 10.180880 seconds.
  path: Assets/Scenes/Main Scene/Prefabs/pfGroundWithHill.prefab
  artifactKey: Guid(bef7f44953e06d8418c87fc8b852f293) Importer(815301076,1909f56bfc062723c751e8b465ee728b)
Start importing Assets/Scenes/Main Scene/Prefabs/pfGroundWithHill.prefab using Guid(bef7f44953e06d8418c87fc8b852f293) Importer(815301076,1909f56bfc062723c751e8b465ee728b)  -> (artifact id: '30a0f01cfbb549e372e62b6999043439') in 0.013549 seconds
  Import took 0.020993 seconds .

========================================================================
Received Import Request.
  Time since last request: 16.843429 seconds.
  path: Assets/Scenes/Main Scene/Prefabs/pfGroundWithHill.prefab
  artifactKey: Guid(bef7f44953e06d8418c87fc8b852f293) Importer(815301076,1909f56bfc062723c751e8b465ee728b)
Start importing Assets/Scenes/Main Scene/Prefabs/pfGroundWithHill.prefab using Guid(bef7f44953e06d8418c87fc8b852f293) Importer(815301076,1909f56bfc062723c751e8b465ee728b)  -> (artifact id: '53180f7ee0d91efdae8662a0e0377a35') in 0.013141 seconds
  Import took 0.020100 seconds .

========================================================================
Received Import Request.
  Time since last request: 33.712974 seconds.
  path: Assets/Scenes/Main Scene/Prefabs/ShapeProfiles/GroundProfile.asset
  artifactKey: Guid(6ce58b60cfe2c7c49ba1e23895958a3d) Importer(815301076,1909f56bfc062723c751e8b465ee728b)
Start importing Assets/Scenes/Main Scene/Prefabs/ShapeProfiles/GroundProfile.asset using Guid(6ce58b60cfe2c7c49ba1e23895958a3d) Importer(815301076,1909f56bfc062723c751e8b465ee728b)  -> (artifact id: 'a987d7c399c29937d9ac46ef06713d9a') in 0.017914 seconds
  Import took 0.025150 seconds .

========================================================================
Received Import Request.
  Time since last request: 0.005297 seconds.
  path: Assets/Scenes/Main Scene/Prefabs/ShapeProfiles/GroundProfile.asset
  artifactKey: Guid(6ce58b60cfe2c7c49ba1e23895958a3d) Importer(815301076,1909f56bfc062723c751e8b465ee728b)
Start importing Assets/Scenes/Main Scene/Prefabs/ShapeProfiles/GroundProfile.asset using Guid(6ce58b60cfe2c7c49ba1e23895958a3d) Importer(815301076,1909f56bfc062723c751e8b465ee728b)  -> (artifact id: 'a987d7c399c29937d9ac46ef06713d9a') in 0.006436 seconds
  Import took 0.012726 seconds .

========================================================================
Received Prepare
Registering precompiled user dll's ...
Registered in 0.001834 seconds.
Begin MonoManager ReloadAssembly
Native extension for WindowsStandalone target not found
Native extension for WebGL target not found
Refreshing native plugins compatible for Editor in 0.73 ms, found 0 plugins.
Preloading 0 native plugins for Editor in 0.00 ms.
Invoked RoslynAnalysisRunner static constructor.
RoslynAnalysisRunner will not be running.
RoslynAnalysisRunner has terminated.
Mono: successfully reloaded assembly
- Completed reload, in  1.458 seconds
Platform modules already initialized, skipping
Shader 'Universal Render Pipeline/Particles/Lit': fallback shader 'Universal Render Pipeline/Particles/SimpleLit' not found
Refreshing native plugins compatible for Editor in 0.70 ms, found 0 plugins.
Preloading 0 native plugins for Editor in 0.00 ms.
Unloading 3777 Unused Serialized files (Serialized files now loaded: 0)
System memory in use before: 174.3 MB.
System memory in use after: 174.5 MB.

Unloading 6 unused Assets to reduce memory usage. Loaded Objects now: 4690.
Total: 4.469900 ms (FindLiveObjects: 0.439300 ms CreateObjectMapping: 0.137300 ms MarkObjects: 3.852300 ms  DeleteObjects: 0.039500 ms)

========================================================================
Received Import Request.
  Time since last request: 35.249251 seconds.
  path: Assets/Scenes/Main Scene/Prefabs/ShapeProfiles/GroundProfile.asset
  artifactKey: Guid(6ce58b60cfe2c7c49ba1e23895958a3d) Importer(815301076,1909f56bfc062723c751e8b465ee728b)
Start importing Assets/Scenes/Main Scene/Prefabs/ShapeProfiles/GroundProfile.asset using Guid(6ce58b60cfe2c7c49ba1e23895958a3d) Importer(815301076,1909f56bfc062723c751e8b465ee728b)  -> (artifact id: '1c0390e8bf3933e46157812bfe7c60f6') in 0.023660 seconds
  Import took 0.030622 seconds .

========================================================================
Received Import Request.
  Time since last request: 2.693361 seconds.
  path: Assets/Scenes/Main Scene/Prefabs/ShapeProfiles/GroundProfile.asset
  artifactKey: Guid(6ce58b60cfe2c7c49ba1e23895958a3d) Importer(815301076,1909f56bfc062723c751e8b465ee728b)
Start importing Assets/Scenes/Main Scene/Prefabs/ShapeProfiles/GroundProfile.asset using Guid(6ce58b60cfe2c7c49ba1e23895958a3d) Importer(815301076,1909f56bfc062723c751e8b465ee728b)  -> (artifact id: '1c0390e8bf3933e46157812bfe7c60f6') in 0.006850 seconds
  Import took 0.014091 seconds .

========================================================================
Received Prepare
Registering precompiled user dll's ...
Registered in 0.001502 seconds.
Begin MonoManager ReloadAssembly
Native extension for WindowsStandalone target not found
Native extension for WebGL target not found
Refreshing native plugins compatible for Editor in 0.76 ms, found 0 plugins.
Preloading 0 native plugins for Editor in 0.00 ms.
Invoked RoslynAnalysisRunner static constructor.
RoslynAnalysisRunner will not be running.
RoslynAnalysisRunner has terminated.
Mono: successfully reloaded assembly
- Completed reload, in  1.378 seconds
Platform modules already initialized, skipping
Shader 'Universal Render Pipeline/Particles/Lit': fallback shader 'Universal Render Pipeline/Particles/SimpleLit' not found
Refreshing native plugins compatible for Editor in 0.76 ms, found 0 plugins.
Preloading 0 native plugins for Editor in 0.00 ms.
Unloading 3777 Unused Serialized files (Serialized files now loaded: 0)
System memory in use before: 174.3 MB.
System memory in use after: 174.6 MB.

Unloading 6 unused Assets to reduce memory usage. Loaded Objects now: 4693.
Total: 3.665700 ms (FindLiveObjects: 0.445500 ms CreateObjectMapping: 0.155200 ms MarkObjects: 3.028700 ms  DeleteObjects: 0.035000 ms)

========================================================================
Received Import Request.
  Time since last request: 27.037949 seconds.
  path: Assets/Scenes/Main Scene/Prefabs/pfGroundWithHill.prefab
  artifactKey: Guid(bef7f44953e06d8418c87fc8b852f293) Importer(815301076,1909f56bfc062723c751e8b465ee728b)
Start importing Assets/Scenes/Main Scene/Prefabs/pfGroundWithHill.prefab using Guid(bef7f44953e06d8418c87fc8b852f293) Importer(815301076,1909f56bfc062723c751e8b465ee728b)  -> (artifact id: 'd78b053d44e3e90e30f7f737a41580e6') in 0.035236 seconds
  Import took 0.042022 seconds .

========================================================================
Received Import Request.
  Time since last request: 0.525582 seconds.
  path: Assets/Scenes/Main Scene/Prefabs/pfGroundWithHill.prefab
  artifactKey: Guid(bef7f44953e06d8418c87fc8b852f293) Importer(815301076,1909f56bfc062723c751e8b465ee728b)
Start importing Assets/Scenes/Main Scene/Prefabs/pfGroundWithHill.prefab using Guid(bef7f44953e06d8418c87fc8b852f293) Importer(815301076,1909f56bfc062723c751e8b465ee728b)  -> (artifact id: '0d63d8f38fa60565a83e0b30791b0515') in 0.145971 seconds
  Import took 0.152924 seconds .

========================================================================
Received Import Request.
  Time since last request: 315.436540 seconds.
  path: Assets/Scenes/Main Scene/Prefabs/pfGroundWithHill.prefab
  artifactKey: Guid(bef7f44953e06d8418c87fc8b852f293) Importer(815301076,1909f56bfc062723c751e8b465ee728b)
Start importing Assets/Scenes/Main Scene/Prefabs/pfGroundWithHill.prefab using Guid(bef7f44953e06d8418c87fc8b852f293) Importer(815301076,1909f56bfc062723c751e8b465ee728b)  -> (artifact id: 'd3c5af2339b2382b3be4948388406925') in 0.015312 seconds
  Import took 0.022722 seconds .

========================================================================
Received Import Request.
  Time since last request: 8.680911 seconds.
  path: Assets/Scenes/Main Scene/Prefabs/pfGroundWithHill.prefab
  artifactKey: Guid(bef7f44953e06d8418c87fc8b852f293) Importer(815301076,1909f56bfc062723c751e8b465ee728b)
Start importing Assets/Scenes/Main Scene/Prefabs/pfGroundWithHill.prefab using Guid(bef7f44953e06d8418c87fc8b852f293) Importer(815301076,1909f56bfc062723c751e8b465ee728b)  -> (artifact id: 'eeb69af418c30553297a480c674a8a56') in 0.021469 seconds
  Import took 0.028199 seconds .

========================================================================
Received Import Request.
  Time since last request: 15.711992 seconds.
  path: Assets/Scenes/Main Scene/Prefabs/pfGroundWithHill.prefab
  artifactKey: Guid(bef7f44953e06d8418c87fc8b852f293) Importer(815301076,1909f56bfc062723c751e8b465ee728b)
Start importing Assets/Scenes/Main Scene/Prefabs/pfGroundWithHill.prefab using Guid(bef7f44953e06d8418c87fc8b852f293) Importer(815301076,1909f56bfc062723c751e8b465ee728b)  -> (artifact id: '386681e9c9d73beecb353a7433ab75e5') in 0.022076 seconds
  Import took 0.028816 seconds .

========================================================================
Received Import Request.
  Time since last request: 22.179931 seconds.
  path: Assets/Scenes/Main Scene/Prefabs/pfGroundWithHill.prefab
  artifactKey: Guid(bef7f44953e06d8418c87fc8b852f293) Importer(815301076,1909f56bfc062723c751e8b465ee728b)
Start importing Assets/Scenes/Main Scene/Prefabs/pfGroundWithHill.prefab using Guid(bef7f44953e06d8418c87fc8b852f293) Importer(815301076,1909f56bfc062723c751e8b465ee728b)  -> (artifact id: '9b4ebc753eda819666467da8f0e4113e') in 0.013982 seconds
  Import took 0.020602 seconds .

========================================================================
Received Import Request.
  Time since last request: 9.529386 seconds.
  path: Assets/Scenes/Main Scene/Prefabs/pfGroundWithHill.prefab
  artifactKey: Guid(bef7f44953e06d8418c87fc8b852f293) Importer(815301076,1909f56bfc062723c751e8b465ee728b)
Start importing Assets/Scenes/Main Scene/Prefabs/pfGroundWithHill.prefab using Guid(bef7f44953e06d8418c87fc8b852f293) Importer(815301076,1909f56bfc062723c751e8b465ee728b)  -> (artifact id: '54ea05a5836081c204292a00f942490f') in 0.013738 seconds
  Import took 0.020531 seconds .

========================================================================
Received Import Request.
  Time since last request: 3.443530 seconds.
  path: Assets/Scenes/Main Scene/Prefabs/pfGroundWithHill.prefab
  artifactKey: Guid(bef7f44953e06d8418c87fc8b852f293) Importer(815301076,1909f56bfc062723c751e8b465ee728b)
Start importing Assets/Scenes/Main Scene/Prefabs/pfGroundWithHill.prefab using Guid(bef7f44953e06d8418c87fc8b852f293) Importer(815301076,1909f56bfc062723c751e8b465ee728b)  -> (artifact id: '873f7264acab77f05852eecb57f35f13') in 0.013307 seconds
  Import took 0.020983 seconds .

========================================================================
Received Import Request.
  Time since last request: 3.418515 seconds.
  path: Assets/Scenes/Main Scene/Prefabs/pfGroundWithHill.prefab
  artifactKey: Guid(bef7f44953e06d8418c87fc8b852f293) Importer(815301076,1909f56bfc062723c751e8b465ee728b)
Start importing Assets/Scenes/Main Scene/Prefabs/pfGroundWithHill.prefab using Guid(bef7f44953e06d8418c87fc8b852f293) Importer(815301076,1909f56bfc062723c751e8b465ee728b)  -> (artifact id: 'a6bb64c341691696789ddff45771282e') in 0.014683 seconds
  Import took 0.022598 seconds .

========================================================================
Received Import Request.
  Time since last request: 6.959154 seconds.
  path: Assets/Scenes/Main Scene/Prefabs/pfGroundWithHill.prefab
  artifactKey: Guid(bef7f44953e06d8418c87fc8b852f293) Importer(815301076,1909f56bfc062723c751e8b465ee728b)
Start importing Assets/Scenes/Main Scene/Prefabs/pfGroundWithHill.prefab using Guid(bef7f44953e06d8418c87fc8b852f293) Importer(815301076,1909f56bfc062723c751e8b465ee728b)  -> (artifact id: '836da3e8792c60e2182119b93b157b46') in 0.014924 seconds
  Import took 0.021583 seconds .

========================================================================
Received Import Request.
  Time since last request: 2.611648 seconds.
  path: Assets/Scenes/Main Scene/Prefabs/pfGroundWithHill.prefab
  artifactKey: Guid(bef7f44953e06d8418c87fc8b852f293) Importer(815301076,1909f56bfc062723c751e8b465ee728b)
Start importing Assets/Scenes/Main Scene/Prefabs/pfGroundWithHill.prefab using Guid(bef7f44953e06d8418c87fc8b852f293) Importer(815301076,1909f56bfc062723c751e8b465ee728b)  -> (artifact id: '805832ae04087533f3e820c82e4c8cdf') in 0.014426 seconds
  Import took 0.021087 seconds .

========================================================================
Received Import Request.
  Time since last request: 4.244652 seconds.
  path: Assets/Scenes/Main Scene/Prefabs/pfGroundWithHill.prefab
  artifactKey: Guid(bef7f44953e06d8418c87fc8b852f293) Importer(815301076,1909f56bfc062723c751e8b465ee728b)
Start importing Assets/Scenes/Main Scene/Prefabs/pfGroundWithHill.prefab using Guid(bef7f44953e06d8418c87fc8b852f293) Importer(815301076,1909f56bfc062723c751e8b465ee728b)  -> (artifact id: '96e1723e60ee9f6a01e78f1719d9ffc8') in 0.008987 seconds
  Import took 0.016895 seconds .

========================================================================
Received Prepare
Registering precompiled user dll's ...
Registered in 0.001532 seconds.
Begin MonoManager ReloadAssembly
Native extension for WindowsStandalone target not found
Native extension for WebGL target not found
Refreshing native plugins compatible for Editor in 0.88 ms, found 0 plugins.
Preloading 0 native plugins for Editor in 0.00 ms.
Invoked RoslynAnalysisRunner static constructor.
RoslynAnalysisRunner will not be running.
RoslynAnalysisRunner has terminated.
Mono: successfully reloaded assembly
- Completed reload, in  1.352 seconds
Platform modules already initialized, skipping
Shader 'Universal Render Pipeline/Particles/Lit': fallback shader 'Universal Render Pipeline/Particles/SimpleLit' not found
Refreshing native plugins compatible for Editor in 0.72 ms, found 0 plugins.
Preloading 0 native plugins for Editor in 0.00 ms.
Unloading 3777 Unused Serialized files (Serialized files now loaded: 0)
System memory in use before: 174.5 MB.
System memory in use after: 174.8 MB.

Unloading 6 unused Assets to reduce memory usage. Loaded Objects now: 4816.
Total: 3.646500 ms (FindLiveObjects: 0.494000 ms CreateObjectMapping: 0.123700 ms MarkObjects: 2.987700 ms  DeleteObjects: 0.039800 ms)

========================================================================
Received Prepare
Registering precompiled user dll's ...
Registered in 0.120481 seconds.
Begin MonoManager ReloadAssembly
Native extension for WindowsStandalone target not found
Native extension for WebGL target not found
Refreshing native plugins compatible for Editor in 0.70 ms, found 0 plugins.
Preloading 0 native plugins for Editor in 0.00 ms.
Invoked RoslynAnalysisRunner static constructor.
RoslynAnalysisRunner will not be running.
RoslynAnalysisRunner has terminated.
Mono: successfully reloaded assembly
- Completed reload, in  9.551 seconds
Platform modules already initialized, skipping
Shader 'Universal Render Pipeline/Particles/Lit': fallback shader 'Universal Render Pipeline/Particles/SimpleLit' not found
Refreshing native plugins compatible for Editor in 0.70 ms, found 0 plugins.
Preloading 0 native plugins for Editor in 0.00 ms.
Unloading 3777 Unused Serialized files (Serialized files now loaded: 0)
System memory in use before: 174.5 MB.
System memory in use after: 174.8 MB.

Unloading 6 unused Assets to reduce memory usage. Loaded Objects now: 4819.
Total: 3.719500 ms (FindLiveObjects: 0.563400 ms CreateObjectMapping: 0.128300 ms MarkObjects: 2.988000 ms  DeleteObjects: 0.038300 ms)

========================================================================
Received Prepare
Registering precompiled user dll's ...
Registered in 0.002198 seconds.
Begin MonoManager ReloadAssembly
Native extension for WindowsStandalone target not found
Native extension for WebGL target not found
Refreshing native plugins compatible for Editor in 0.74 ms, found 0 plugins.
Preloading 0 native plugins for Editor in 0.00 ms.
Invoked RoslynAnalysisRunner static constructor.
RoslynAnalysisRunner will not be running.
RoslynAnalysisRunner has terminated.
Mono: successfully reloaded assembly
- Completed reload, in  1.301 seconds
Platform modules already initialized, skipping
Shader 'Universal Render Pipeline/Particles/Lit': fallback shader 'Universal Render Pipeline/Particles/SimpleLit' not found
Refreshing native plugins compatible for Editor in 0.68 ms, found 0 plugins.
Preloading 0 native plugins for Editor in 0.00 ms.
Unloading 3777 Unused Serialized files (Serialized files now loaded: 0)
System memory in use before: 174.5 MB.
System memory in use after: 174.8 MB.

Unloading 6 unused Assets to reduce memory usage. Loaded Objects now: 4822.
Total: 3.818800 ms (FindLiveObjects: 0.462000 ms CreateObjectMapping: 0.116700 ms MarkObjects: 3.205400 ms  DeleteObjects: 0.033300 ms)

========================================================================
Received Prepare
Registering precompiled user dll's ...
Registered in 0.001482 seconds.
Begin MonoManager ReloadAssembly
Native extension for WindowsStandalone target not found
Native extension for WebGL target not found
Refreshing native plugins compatible for Editor in 0.70 ms, found 0 plugins.
Preloading 0 native plugins for Editor in 0.00 ms.
Invoked RoslynAnalysisRunner static constructor.
RoslynAnalysisRunner will not be running.
RoslynAnalysisRunner has terminated.
Mono: successfully reloaded assembly
- Completed reload, in  1.289 seconds
Platform modules already initialized, skipping
Shader 'Universal Render Pipeline/Particles/Lit': fallback shader 'Universal Render Pipeline/Particles/SimpleLit' not found
Refreshing native plugins compatible for Editor in 0.67 ms, found 0 plugins.
Preloading 0 native plugins for Editor in 0.00 ms.
Unloading 3777 Unused Serialized files (Serialized files now loaded: 0)
System memory in use before: 174.5 MB.
System memory in use after: 174.8 MB.

Unloading 6 unused Assets to reduce memory usage. Loaded Objects now: 4825.
Total: 3.543300 ms (FindLiveObjects: 0.516200 ms CreateObjectMapping: 0.118100 ms MarkObjects: 2.875500 ms  DeleteObjects: 0.032200 ms)

========================================================================
Received Prepare
Registering precompiled user dll's ...
Registered in 0.001515 seconds.
Begin MonoManager ReloadAssembly
Native extension for WindowsStandalone target not found
Native extension for WebGL target not found
Refreshing native plugins compatible for Editor in 0.70 ms, found 0 plugins.
Preloading 0 native plugins for Editor in 0.00 ms.
Invoked RoslynAnalysisRunner static constructor.
RoslynAnalysisRunner will not be running.
RoslynAnalysisRunner has terminated.
Mono: successfully reloaded assembly
- Completed reload, in  1.333 seconds
Platform modules already initialized, skipping
Shader 'Universal Render Pipeline/Particles/Lit': fallback shader 'Universal Render Pipeline/Particles/SimpleLit' not found
Refreshing native plugins compatible for Editor in 0.70 ms, found 0 plugins.
Preloading 0 native plugins for Editor in 0.00 ms.
Unloading 3777 Unused Serialized files (Serialized files now loaded: 0)
System memory in use before: 174.6 MB.
System memory in use after: 174.8 MB.

Unloading 6 unused Assets to reduce memory usage. Loaded Objects now: 4828.
Total: 3.956600 ms (FindLiveObjects: 0.822600 ms CreateObjectMapping: 0.220900 ms MarkObjects: 2.878000 ms  DeleteObjects: 0.033700 ms)

========================================================================
Received Prepare
Registering precompiled user dll's ...
Registered in 0.002009 seconds.
Begin MonoManager ReloadAssembly
Native extension for WindowsStandalone target not found
Native extension for WebGL target not found
Refreshing native plugins compatible for Editor in 0.73 ms, found 0 plugins.
Preloading 0 native plugins for Editor in 0.00 ms.
Invoked RoslynAnalysisRunner static constructor.
RoslynAnalysisRunner will not be running.
RoslynAnalysisRunner has terminated.
Mono: successfully reloaded assembly
- Completed reload, in  1.406 seconds
Platform modules already initialized, skipping
Shader 'Universal Render Pipeline/Particles/Lit': fallback shader 'Universal Render Pipeline/Particles/SimpleLit' not found
Refreshing native plugins compatible for Editor in 1.04 ms, found 0 plugins.
Preloading 0 native plugins for Editor in 0.00 ms.
Unloading 3777 Unused Serialized files (Serialized files now loaded: 0)
System memory in use before: 174.6 MB.
System memory in use after: 174.8 MB.

Unloading 6 unused Assets to reduce memory usage. Loaded Objects now: 4831.
Total: 4.644500 ms (FindLiveObjects: 0.716900 ms CreateObjectMapping: 0.216400 ms MarkObjects: 3.672700 ms  DeleteObjects: 0.037100 ms)

========================================================================
Received Import Request.
  Time since last request: 3212.856457 seconds.
  path: Assets/Scenes/Main Scene/Prefabs/pfGroundWithHill.prefab
  artifactKey: Guid(bef7f44953e06d8418c87fc8b852f293) Importer(815301076,1909f56bfc062723c751e8b465ee728b)
Start importing Assets/Scenes/Main Scene/Prefabs/pfGroundWithHill.prefab using Guid(bef7f44953e06d8418c87fc8b852f293) Importer(815301076,1909f56bfc062723c751e8b465ee728b)  -> (artifact id: 'b4aa2aed72d67d33c8394bf1d843e5f2') in 0.092675 seconds
  Import took 0.101107 seconds .

========================================================================
Received Import Request.
  Time since last request: 14.603530 seconds.
  path: Assets/Scenes/Main Scene/Prefabs/pfGroundWithHill.prefab
  artifactKey: Guid(bef7f44953e06d8418c87fc8b852f293) Importer(815301076,1909f56bfc062723c751e8b465ee728b)
Start importing Assets/Scenes/Main Scene/Prefabs/pfGroundWithHill.prefab using Guid(bef7f44953e06d8418c87fc8b852f293) Importer(815301076,1909f56bfc062723c751e8b465ee728b)  -> (artifact id: '12c649fdb1d8c67a7c9392bbf5b5f169') in 0.007930 seconds
  Import took 0.014903 seconds .

========================================================================
Received Import Request.
  Time since last request: 5.868044 seconds.
  path: Assets/Scenes/Main Scene/Prefabs/pfGroundWithHill.prefab
  artifactKey: Guid(bef7f44953e06d8418c87fc8b852f293) Importer(815301076,1909f56bfc062723c751e8b465ee728b)
Start importing Assets/Scenes/Main Scene/Prefabs/pfGroundWithHill.prefab using Guid(bef7f44953e06d8418c87fc8b852f293) Importer(815301076,1909f56bfc062723c751e8b465ee728b)  -> (artifact id: '64abc0594f5ac20cb124893dae81dca9') in 0.008204 seconds
  Import took 0.014693 seconds .

========================================================================
Received Prepare
Registering precompiled user dll's ...
Registered in 0.001427 seconds.
Begin MonoManager ReloadAssembly
Native extension for WindowsStandalone target not found
Native extension for WebGL target not found
Refreshing native plugins compatible for Editor in 1.09 ms, found 0 plugins.
Preloading 0 native plugins for Editor in 0.00 ms.
Invoked RoslynAnalysisRunner static constructor.
RoslynAnalysisRunner will not be running.
RoslynAnalysisRunner has terminated.
Mono: successfully reloaded assembly
- Completed reload, in  1.336 seconds
Platform modules already initialized, skipping
Shader 'Universal Render Pipeline/Particles/Lit': fallback shader 'Universal Render Pipeline/Particles/SimpleLit' not found
Refreshing native plugins compatible for Editor in 0.74 ms, found 0 plugins.
Preloading 0 native plugins for Editor in 0.00 ms.
Unloading 3777 Unused Serialized files (Serialized files now loaded: 0)
System memory in use before: 174.6 MB.
System memory in use after: 174.8 MB.

Unloading 6 unused Assets to reduce memory usage. Loaded Objects now: 4834.
Total: 4.194800 ms (FindLiveObjects: 0.488800 ms CreateObjectMapping: 0.134100 ms MarkObjects: 3.509300 ms  DeleteObjects: 0.060400 ms)

========================================================================
Received Import Request.
  Time since last request: 33.658602 seconds.
  path: Assets/Scenes/Main Scene/Prefabs/pfGroundWithHill.prefab
  artifactKey: Guid(bef7f44953e06d8418c87fc8b852f293) Importer(815301076,1909f56bfc062723c751e8b465ee728b)
Start importing Assets/Scenes/Main Scene/Prefabs/pfGroundWithHill.prefab using Guid(bef7f44953e06d8418c87fc8b852f293) Importer(815301076,1909f56bfc062723c751e8b465ee728b)  -> (artifact id: '232c7e212205bbac50d4b694d9e61c70') in 0.036400 seconds
  Import took 0.048741 seconds .

========================================================================
Received Import Request.
  Time since last request: 2.330260 seconds.
  path: Assets/Scenes/Main Scene/Prefabs/pfGroundWithHill.prefab
  artifactKey: Guid(bef7f44953e06d8418c87fc8b852f293) Importer(815301076,1909f56bfc062723c751e8b465ee728b)
Start importing Assets/Scenes/Main Scene/Prefabs/pfGroundWithHill.prefab using Guid(bef7f44953e06d8418c87fc8b852f293) Importer(815301076,1909f56bfc062723c751e8b465ee728b)  -> (artifact id: '2c0c3ea911e63d8ffb7aa61ec7257b6b') in 0.008698 seconds
  Import took 0.015304 seconds .

========================================================================
Received Import Request.
  Time since last request: 2.656466 seconds.
  path: Assets/Scenes/Main Scene/Prefabs/pfGroundWithHill.prefab
  artifactKey: Guid(bef7f44953e06d8418c87fc8b852f293) Importer(815301076,1909f56bfc062723c751e8b465ee728b)
Start importing Assets/Scenes/Main Scene/Prefabs/pfGroundWithHill.prefab using Guid(bef7f44953e06d8418c87fc8b852f293) Importer(815301076,1909f56bfc062723c751e8b465ee728b)  -> (artifact id: '6da92988fefac89815fef4ceb17cc251') in 0.008731 seconds
  Import took 0.015224 seconds .

========================================================================
Received Import Request.
  Time since last request: 4.651217 seconds.
  path: Assets/Scenes/Main Scene/Prefabs/pfGroundWithHill.prefab
  artifactKey: Guid(bef7f44953e06d8418c87fc8b852f293) Importer(815301076,1909f56bfc062723c751e8b465ee728b)
Start importing Assets/Scenes/Main Scene/Prefabs/pfGroundWithHill.prefab using Guid(bef7f44953e06d8418c87fc8b852f293) Importer(815301076,1909f56bfc062723c751e8b465ee728b)  -> (artifact id: '8e8c699c08b603a6713171a0223733b7') in 0.008155 seconds
  Import took 0.014566 seconds .

========================================================================
Received Import Request.
  Time since last request: 9.087886 seconds.
  path: Assets/Scenes/Main Scene/Prefabs/pfGroundWithHill.prefab
  artifactKey: Guid(bef7f44953e06d8418c87fc8b852f293) Importer(815301076,1909f56bfc062723c751e8b465ee728b)
Start importing Assets/Scenes/Main Scene/Prefabs/pfGroundWithHill.prefab using Guid(bef7f44953e06d8418c87fc8b852f293) Importer(815301076,1909f56bfc062723c751e8b465ee728b)  -> (artifact id: '7c2df38cbbd2ac9bcd463159d5769c6a') in 0.007778 seconds
  Import took 0.014758 seconds .

========================================================================
Received Import Request.
  Time since last request: 2.205549 seconds.
  path: Assets/Scenes/Main Scene/Prefabs/pfGroundWithHill.prefab
  artifactKey: Guid(bef7f44953e06d8418c87fc8b852f293) Importer(815301076,1909f56bfc062723c751e8b465ee728b)
Start importing Assets/Scenes/Main Scene/Prefabs/pfGroundWithHill.prefab using Guid(bef7f44953e06d8418c87fc8b852f293) Importer(815301076,1909f56bfc062723c751e8b465ee728b)  -> (artifact id: '4c85335fcb03726d277283b635bc1451') in 0.008056 seconds
  Import took 0.014905 seconds .

========================================================================
Received Import Request.
  Time since last request: 5.341195 seconds.
  path: Assets/Scenes/Main Scene/Prefabs/pfGroundWithHill.prefab
  artifactKey: Guid(bef7f44953e06d8418c87fc8b852f293) Importer(815301076,1909f56bfc062723c751e8b465ee728b)
Start importing Assets/Scenes/Main Scene/Prefabs/pfGroundWithHill.prefab using Guid(bef7f44953e06d8418c87fc8b852f293) Importer(815301076,1909f56bfc062723c751e8b465ee728b)  -> (artifact id: '58d51d1dae327db495294d9bfef646a9') in 0.008657 seconds
  Import took 0.016056 seconds .

========================================================================
Received Import Request.
  Time since last request: 1.410416 seconds.
  path: Assets/Scenes/Main Scene/Prefabs/pfGroundWithHill.prefab
  artifactKey: Guid(bef7f44953e06d8418c87fc8b852f293) Importer(815301076,1909f56bfc062723c751e8b465ee728b)
Start importing Assets/Scenes/Main Scene/Prefabs/pfGroundWithHill.prefab using Guid(bef7f44953e06d8418c87fc8b852f293) Importer(815301076,1909f56bfc062723c751e8b465ee728b)  -> (artifact id: '60c25622b26dbc12bd5f334370ef7752') in 0.008547 seconds
  Import took 0.015342 seconds .

========================================================================
Received Import Request.
  Time since last request: 6.898522 seconds.
  path: Assets/Scenes/Main Scene/Prefabs/pfGroundWithHill.prefab
  artifactKey: Guid(bef7f44953e06d8418c87fc8b852f293) Importer(815301076,1909f56bfc062723c751e8b465ee728b)
Start importing Assets/Scenes/Main Scene/Prefabs/pfGroundWithHill.prefab using Guid(bef7f44953e06d8418c87fc8b852f293) Importer(815301076,1909f56bfc062723c751e8b465ee728b)  -> (artifact id: '1197ab54818d2c1786e732061a283be8') in 0.008361 seconds
  Import took 0.014968 seconds .

========================================================================
Received Import Request.
  Time since last request: 3.846360 seconds.
  path: Assets/Scenes/Main Scene/Prefabs/pfGroundWithHill.prefab
  artifactKey: Guid(bef7f44953e06d8418c87fc8b852f293) Importer(815301076,1909f56bfc062723c751e8b465ee728b)
Start importing Assets/Scenes/Main Scene/Prefabs/pfGroundWithHill.prefab using Guid(bef7f44953e06d8418c87fc8b852f293) Importer(815301076,1909f56bfc062723c751e8b465ee728b)  -> (artifact id: 'b22d84a5c453d7e6cb448cd1a443cd10') in 0.008604 seconds
  Import took 0.015175 seconds .

========================================================================
Received Import Request.
  Time since last request: 1.997939 seconds.
  path: Assets/Scenes/Main Scene/Prefabs/pfGroundWithHill.prefab
  artifactKey: Guid(bef7f44953e06d8418c87fc8b852f293) Importer(815301076,1909f56bfc062723c751e8b465ee728b)
Start importing Assets/Scenes/Main Scene/Prefabs/pfGroundWithHill.prefab using Guid(bef7f44953e06d8418c87fc8b852f293) Importer(815301076,1909f56bfc062723c751e8b465ee728b)  -> (artifact id: '55cbcee0d5fc06e5c8a7ba0363d3958f') in 0.008213 seconds
  Import took 0.014700 seconds .

========================================================================
Received Import Request.
  Time since last request: 2.607739 seconds.
  path: Assets/Scenes/Main Scene/Prefabs/pfGroundWithHill.prefab
  artifactKey: Guid(bef7f44953e06d8418c87fc8b852f293) Importer(815301076,1909f56bfc062723c751e8b465ee728b)
Start importing Assets/Scenes/Main Scene/Prefabs/pfGroundWithHill.prefab using Guid(bef7f44953e06d8418c87fc8b852f293) Importer(815301076,1909f56bfc062723c751e8b465ee728b)  -> (artifact id: '130d44031bf0be0c070ac38b9849ceb6') in 0.008507 seconds
  Import took 0.015871 seconds .

========================================================================
Received Import Request.
  Time since last request: 2.646578 seconds.
  path: Assets/Scenes/Main Scene/Prefabs/pfGroundWithHill.prefab
  artifactKey: Guid(bef7f44953e06d8418c87fc8b852f293) Importer(815301076,1909f56bfc062723c751e8b465ee728b)
Start importing Assets/Scenes/Main Scene/Prefabs/pfGroundWithHill.prefab using Guid(bef7f44953e06d8418c87fc8b852f293) Importer(815301076,1909f56bfc062723c751e8b465ee728b)  -> (artifact id: 'b5465cbcdc5d475fe2fe573881754537') in 0.008119 seconds
  Import took 0.015153 seconds .

========================================================================
Received Import Request.
  Time since last request: 4.687434 seconds.
  path: Assets/Scenes/Main Scene/Prefabs/pfGroundWithHill.prefab
  artifactKey: Guid(bef7f44953e06d8418c87fc8b852f293) Importer(815301076,1909f56bfc062723c751e8b465ee728b)
Start importing Assets/Scenes/Main Scene/Prefabs/pfGroundWithHill.prefab using Guid(bef7f44953e06d8418c87fc8b852f293) Importer(815301076,1909f56bfc062723c751e8b465ee728b)  -> (artifact id: 'a17326ff9b7f3183d803f7924e658050') in 0.008251 seconds
  Import took 0.015355 seconds .

========================================================================
Received Import Request.
  Time since last request: 3.627957 seconds.
  path: Assets/Scenes/Main Scene/Prefabs/pfGroundWithHill.prefab
  artifactKey: Guid(bef7f44953e06d8418c87fc8b852f293) Importer(815301076,1909f56bfc062723c751e8b465ee728b)
Start importing Assets/Scenes/Main Scene/Prefabs/pfGroundWithHill.prefab using Guid(bef7f44953e06d8418c87fc8b852f293) Importer(815301076,1909f56bfc062723c751e8b465ee728b)  -> (artifact id: '15259c5c5f40b6cd78cb444a0eb9ddeb') in 0.008249 seconds
  Import took 0.015117 seconds .

========================================================================
Received Import Request.
  Time since last request: 2.610810 seconds.
  path: Assets/Scenes/Main Scene/Prefabs/pfGroundWithHill.prefab
  artifactKey: Guid(bef7f44953e06d8418c87fc8b852f293) Importer(815301076,1909f56bfc062723c751e8b465ee728b)
Start importing Assets/Scenes/Main Scene/Prefabs/pfGroundWithHill.prefab using Guid(bef7f44953e06d8418c87fc8b852f293) Importer(815301076,1909f56bfc062723c751e8b465ee728b)  -> (artifact id: 'deea1c65441b691cf95ad3573faf7b59') in 0.009946 seconds
  Import took 0.017250 seconds .

========================================================================
Received Import Request.
  Time since last request: 3.642629 seconds.
  path: Assets/Scenes/Main Scene/Prefabs/pfGroundWithHill.prefab
  artifactKey: Guid(bef7f44953e06d8418c87fc8b852f293) Importer(815301076,1909f56bfc062723c751e8b465ee728b)
Start importing Assets/Scenes/Main Scene/Prefabs/pfGroundWithHill.prefab using Guid(bef7f44953e06d8418c87fc8b852f293) Importer(815301076,1909f56bfc062723c751e8b465ee728b)  -> (artifact id: '96ff6fbfd04e4a8fd1a34a76982c2852') in 0.008251 seconds
  Import took 0.015499 seconds .

========================================================================
Received Import Request.
  Time since last request: 6.042877 seconds.
  path: Assets/Scenes/Main Scene/Prefabs/pfGroundWithHill.prefab
  artifactKey: Guid(bef7f44953e06d8418c87fc8b852f293) Importer(815301076,1909f56bfc062723c751e8b465ee728b)
Start importing Assets/Scenes/Main Scene/Prefabs/pfGroundWithHill.prefab using Guid(bef7f44953e06d8418c87fc8b852f293) Importer(815301076,1909f56bfc062723c751e8b465ee728b)  -> (artifact id: 'b820c66cdc016a4aa28f3c732948d218') in 0.007690 seconds
  Import took 0.014090 seconds .

========================================================================
Received Import Request.
  Time since last request: 8.341884 seconds.
  path: Assets/Scenes/Main Scene/Prefabs/pfGroundWithHill.prefab
  artifactKey: Guid(bef7f44953e06d8418c87fc8b852f293) Importer(815301076,1909f56bfc062723c751e8b465ee728b)
Start importing Assets/Scenes/Main Scene/Prefabs/pfGroundWithHill.prefab using Guid(bef7f44953e06d8418c87fc8b852f293) Importer(815301076,1909f56bfc062723c751e8b465ee728b)  -> (artifact id: 'b77be6da13c91f4ff15bbb4fb274111f') in 0.008300 seconds
  Import took 0.014854 seconds .

========================================================================
Received Import Request.
  Time since last request: 8.550127 seconds.
  path: Assets/Scenes/Main Scene/Prefabs/pfGroundWithHill.prefab
  artifactKey: Guid(bef7f44953e06d8418c87fc8b852f293) Importer(815301076,1909f56bfc062723c751e8b465ee728b)
Start importing Assets/Scenes/Main Scene/Prefabs/pfGroundWithHill.prefab using Guid(bef7f44953e06d8418c87fc8b852f293) Importer(815301076,1909f56bfc062723c751e8b465ee728b)  -> (artifact id: '5115018e596b9158007c3827c33a6914') in 0.008487 seconds
  Import took 0.014940 seconds .

========================================================================
Received Import Request.
  Time since last request: 4.694606 seconds.
  path: Assets/Scenes/Main Scene/Prefabs/pfGroundWithHill.prefab
  artifactKey: Guid(bef7f44953e06d8418c87fc8b852f293) Importer(815301076,1909f56bfc062723c751e8b465ee728b)
Start importing Assets/Scenes/Main Scene/Prefabs/pfGroundWithHill.prefab using Guid(bef7f44953e06d8418c87fc8b852f293) Importer(815301076,1909f56bfc062723c751e8b465ee728b)  -> (artifact id: '77502eb33ee4124f2fa922f638150fd2') in 0.008230 seconds
  Import took 0.016310 seconds .

========================================================================
Received Prepare
Registering precompiled user dll's ...
Registered in 0.001768 seconds.
Begin MonoManager ReloadAssembly
Native extension for WindowsStandalone target not found
Native extension for WebGL target not found
Refreshing native plugins compatible for Editor in 0.77 ms, found 0 plugins.
Preloading 0 native plugins for Editor in 0.00 ms.
Invoked RoslynAnalysisRunner static constructor.
RoslynAnalysisRunner will not be running.
RoslynAnalysisRunner has terminated.
Mono: successfully reloaded assembly
- Completed reload, in  1.406 seconds
Platform modules already initialized, skipping
Shader 'Universal Render Pipeline/Particles/Lit': fallback shader 'Universal Render Pipeline/Particles/SimpleLit' not found
Refreshing native plugins compatible for Editor in 0.73 ms, found 0 plugins.
Preloading 0 native plugins for Editor in 0.00 ms.
Unloading 3777 Unused Serialized files (Serialized files now loaded: 0)
System memory in use before: 174.6 MB.
System memory in use after: 174.8 MB.

Unloading 6 unused Assets to reduce memory usage. Loaded Objects now: 4837.
Total: 4.070900 ms (FindLiveObjects: 0.553000 ms CreateObjectMapping: 0.150500 ms MarkObjects: 3.331200 ms  DeleteObjects: 0.034900 ms)

========================================================================
Received Prepare
Registering precompiled user dll's ...
Registered in 0.001497 seconds.
Begin MonoManager ReloadAssembly
Native extension for WindowsStandalone target not found
Native extension for WebGL target not found
Refreshing native plugins compatible for Editor in 0.94 ms, found 0 plugins.
Preloading 0 native plugins for Editor in 0.00 ms.
Invoked RoslynAnalysisRunner static constructor.
RoslynAnalysisRunner will not be running.
RoslynAnalysisRunner has terminated.
Mono: successfully reloaded assembly
- Completed reload, in  1.326 seconds
Platform modules already initialized, skipping
Shader 'Universal Render Pipeline/Particles/Lit': fallback shader 'Universal Render Pipeline/Particles/SimpleLit' not found
Refreshing native plugins compatible for Editor in 0.66 ms, found 0 plugins.
Preloading 0 native plugins for Editor in 0.00 ms.
Unloading 3777 Unused Serialized files (Serialized files now loaded: 0)
System memory in use before: 174.6 MB.
System memory in use after: 174.9 MB.

Unloading 6 unused Assets to reduce memory usage. Loaded Objects now: 4840.
Total: 4.491100 ms (FindLiveObjects: 0.444000 ms CreateObjectMapping: 0.116000 ms MarkObjects: 3.890900 ms  DeleteObjects: 0.039000 ms)

========================================================================
Received Prepare
Registering precompiled user dll's ...
Registered in 0.001477 seconds.
Begin MonoManager ReloadAssembly
Native extension for WindowsStandalone target not found
Native extension for WebGL target not found
Refreshing native plugins compatible for Editor in 0.76 ms, found 0 plugins.
Preloading 0 native plugins for Editor in 0.00 ms.
Invoked RoslynAnalysisRunner static constructor.
RoslynAnalysisRunner will not be running.
RoslynAnalysisRunner has terminated.
Mono: successfully reloaded assembly
- Completed reload, in  1.347 seconds
Platform modules already initialized, skipping
Shader 'Universal Render Pipeline/Particles/Lit': fallback shader 'Universal Render Pipeline/Particles/SimpleLit' not found
Refreshing native plugins compatible for Editor in 0.70 ms, found 0 plugins.
Preloading 0 native plugins for Editor in 0.00 ms.
Unloading 3777 Unused Serialized files (Serialized files now loaded: 0)
System memory in use before: 174.6 MB.
System memory in use after: 174.9 MB.

Unloading 6 unused Assets to reduce memory usage. Loaded Objects now: 4843.
Total: 3.655900 ms (FindLiveObjects: 0.642100 ms CreateObjectMapping: 0.116900 ms MarkObjects: 2.861000 ms  DeleteObjects: 0.034100 ms)

========================================================================
Received Prepare
Registering precompiled user dll's ...
Registered in 0.001530 seconds.
Begin MonoManager ReloadAssembly
Native extension for WindowsStandalone target not found
Native extension for WebGL target not found
Refreshing native plugins compatible for Editor in 0.70 ms, found 0 plugins.
Preloading 0 native plugins for Editor in 0.00 ms.
Invoked RoslynAnalysisRunner static constructor.
RoslynAnalysisRunner will not be running.
RoslynAnalysisRunner has terminated.
Mono: successfully reloaded assembly
- Completed reload, in  1.387 seconds
Platform modules already initialized, skipping
Shader 'Universal Render Pipeline/Particles/Lit': fallback shader 'Universal Render Pipeline/Particles/SimpleLit' not found
Refreshing native plugins compatible for Editor in 0.69 ms, found 0 plugins.
Preloading 0 native plugins for Editor in 0.00 ms.
Unloading 3778 Unused Serialized files (Serialized files now loaded: 0)
System memory in use before: 174.6 MB.
System memory in use after: 174.9 MB.

Unloading 6 unused Assets to reduce memory usage. Loaded Objects now: 4847.
Total: 3.895900 ms (FindLiveObjects: 0.511400 ms CreateObjectMapping: 0.137700 ms MarkObjects: 3.193500 ms  DeleteObjects: 0.052000 ms)

========================================================================
Received Import Request.
  Time since last request: 716.143205 seconds.
  path: Assets/Scenes/Main Scene/Scripts/TimerBar.cs
  artifactKey: Guid(3be3b48a25643394ca5fda9f66230203) Importer(815301076,1909f56bfc062723c751e8b465ee728b)
Start importing Assets/Scenes/Main Scene/Scripts/TimerBar.cs using Guid(3be3b48a25643394ca5fda9f66230203) Importer(815301076,1909f56bfc062723c751e8b465ee728b)  -> (artifact id: '8743de5116e8f86dd592c010fcca7c0f') in 0.046053 seconds
  Import took 0.052576 seconds .

========================================================================
Received Prepare
Registering precompiled user dll's ...
Registered in 0.001436 seconds.
Begin MonoManager ReloadAssembly
Native extension for WindowsStandalone target not found
Native extension for WebGL target not found
Refreshing native plugins compatible for Editor in 0.74 ms, found 0 plugins.
Preloading 0 native plugins for Editor in 0.00 ms.
Invoked RoslynAnalysisRunner static constructor.
RoslynAnalysisRunner will not be running.
RoslynAnalysisRunner has terminated.
Mono: successfully reloaded assembly
- Completed reload, in  1.330 seconds
Platform modules already initialized, skipping
Shader 'Universal Render Pipeline/Particles/Lit': fallback shader 'Universal Render Pipeline/Particles/SimpleLit' not found
Refreshing native plugins compatible for Editor in 0.69 ms, found 0 plugins.
Preloading 0 native plugins for Editor in 0.00 ms.
Unloading 3778 Unused Serialized files (Serialized files now loaded: 0)
System memory in use before: 174.7 MB.
System memory in use after: 174.9 MB.

Unloading 6 unused Assets to reduce memory usage. Loaded Objects now: 4850.
Total: 3.816100 ms (FindLiveObjects: 0.440200 ms CreateObjectMapping: 0.141300 ms MarkObjects: 3.195800 ms  DeleteObjects: 0.037300 ms)

========================================================================
Received Prepare
Registering precompiled user dll's ...
Registered in 0.001427 seconds.
Begin MonoManager ReloadAssembly
Native extension for WindowsStandalone target not found
Native extension for WebGL target not found
Refreshing native plugins compatible for Editor in 0.71 ms, found 0 plugins.
Preloading 0 native plugins for Editor in 0.00 ms.
Invoked RoslynAnalysisRunner static constructor.
RoslynAnalysisRunner will not be running.
RoslynAnalysisRunner has terminated.
Mono: successfully reloaded assembly
- Completed reload, in  1.314 seconds
Platform modules already initialized, skipping
Shader 'Universal Render Pipeline/Particles/Lit': fallback shader 'Universal Render Pipeline/Particles/SimpleLit' not found
Refreshing native plugins compatible for Editor in 0.70 ms, found 0 plugins.
Preloading 0 native plugins for Editor in 0.00 ms.
Unloading 3778 Unused Serialized files (Serialized files now loaded: 0)
System memory in use before: 174.7 MB.
System memory in use after: 174.9 MB.

Unloading 6 unused Assets to reduce memory usage. Loaded Objects now: 4853.
Total: 3.690100 ms (FindLiveObjects: 0.591900 ms CreateObjectMapping: 0.116400 ms MarkObjects: 2.946500 ms  DeleteObjects: 0.034200 ms)

========================================================================
Received Import Request.
  Time since last request: 101.645419 seconds.
  path: Assets/Scenes/Main Scene/Scripts/TimerBar.cs
  artifactKey: Guid(3be3b48a25643394ca5fda9f66230203) Importer(815301076,1909f56bfc062723c751e8b465ee728b)
Start importing Assets/Scenes/Main Scene/Scripts/TimerBar.cs using Guid(3be3b48a25643394ca5fda9f66230203) Importer(815301076,1909f56bfc062723c751e8b465ee728b)  -> (artifact id: '5d00b4d7c6cee659c1f9924753211655') in 0.010431 seconds
  Import took 0.017212 seconds .

========================================================================
Received Import Request.
  Time since last request: 5.142652 seconds.
  path: Assets/Scenes/Main Scene/Scripts/CountdownTimerBar.cs
  artifactKey: Guid(3be3b48a25643394ca5fda9f66230203) Importer(815301076,1909f56bfc062723c751e8b465ee728b)
Start importing Assets/Scenes/Main Scene/Scripts/CountdownTimerBar.cs using Guid(3be3b48a25643394ca5fda9f66230203) Importer(815301076,1909f56bfc062723c751e8b465ee728b)  -> (artifact id: '46cf5ade0092220f025b50e7a53ccfaa') in 0.014587 seconds
  Import took 0.022891 seconds .

========================================================================
Received Prepare
Registering precompiled user dll's ...
Registered in 0.001478 seconds.
Begin MonoManager ReloadAssembly
Native extension for WindowsStandalone target not found
Native extension for WebGL target not found
Refreshing native plugins compatible for Editor in 0.69 ms, found 0 plugins.
Preloading 0 native plugins for Editor in 0.00 ms.
Invoked RoslynAnalysisRunner static constructor.
RoslynAnalysisRunner will not be running.
RoslynAnalysisRunner has terminated.
Mono: successfully reloaded assembly
- Completed reload, in  1.328 seconds
Platform modules already initialized, skipping
Shader 'Universal Render Pipeline/Particles/Lit': fallback shader 'Universal Render Pipeline/Particles/SimpleLit' not found
Refreshing native plugins compatible for Editor in 0.71 ms, found 0 plugins.
Preloading 0 native plugins for Editor in 0.00 ms.
Unloading 3778 Unused Serialized files (Serialized files now loaded: 0)
System memory in use before: 174.7 MB.
System memory in use after: 174.9 MB.

Unloading 6 unused Assets to reduce memory usage. Loaded Objects now: 4856.
Total: 4.272000 ms (FindLiveObjects: 0.692600 ms CreateObjectMapping: 0.189900 ms MarkObjects: 3.349400 ms  DeleteObjects: 0.038100 ms)

========================================================================
Received Prepare
Registering precompiled user dll's ...
Registered in 0.001450 seconds.
Begin MonoManager ReloadAssembly
Native extension for WindowsStandalone target not found
Native extension for WebGL target not found
Refreshing native plugins compatible for Editor in 0.70 ms, found 0 plugins.
Preloading 0 native plugins for Editor in 0.00 ms.
Invoked RoslynAnalysisRunner static constructor.
RoslynAnalysisRunner will not be running.
RoslynAnalysisRunner has terminated.
Mono: successfully reloaded assembly
- Completed reload, in  1.288 seconds
Platform modules already initialized, skipping
Shader 'Universal Render Pipeline/Particles/Lit': fallback shader 'Universal Render Pipeline/Particles/SimpleLit' not found
Refreshing native plugins compatible for Editor in 0.69 ms, found 0 plugins.
Preloading 0 native plugins for Editor in 0.00 ms.
Unloading 3778 Unused Serialized files (Serialized files now loaded: 0)
System memory in use before: 174.7 MB.
System memory in use after: 174.9 MB.

Unloading 6 unused Assets to reduce memory usage. Loaded Objects now: 4859.
Total: 3.732700 ms (FindLiveObjects: 0.609800 ms CreateObjectMapping: 0.146500 ms MarkObjects: 2.918000 ms  DeleteObjects: 0.056900 ms)

========================================================================
Received Import Request.
  Time since last request: 365.101944 seconds.
  path: Assets/Scenes/Main Scene/Prefabs/CountdownTimerBar.prefab
  artifactKey: Guid(0a2b0e03811b89346a59e649530bcdcf) Importer(815301076,1909f56bfc062723c751e8b465ee728b)
Start importing Assets/Scenes/Main Scene/Prefabs/CountdownTimerBar.prefab using Guid(0a2b0e03811b89346a59e649530bcdcf) Importer(815301076,1909f56bfc062723c751e8b465ee728b)  -> (artifact id: '5df3662816f0d2867c9f4da77219f716') in 0.035645 seconds
  Import took 0.042497 seconds .

========================================================================
Received Import Request.
  Time since last request: 0.006327 seconds.
  path: Assets/Scenes/Main Scene/Prefabs/CountdownTimerBar.prefab
  artifactKey: Guid(0a2b0e03811b89346a59e649530bcdcf) Importer(815301076,1909f56bfc062723c751e8b465ee728b)
Start importing Assets/Scenes/Main Scene/Prefabs/CountdownTimerBar.prefab using Guid(0a2b0e03811b89346a59e649530bcdcf) Importer(815301076,1909f56bfc062723c751e8b465ee728b)  -> (artifact id: '5df3662816f0d2867c9f4da77219f716') in 0.007716 seconds
  Import took 0.014172 seconds .

========================================================================
Received Import Request.
  Time since last request: 1582.145711 seconds.
  path: Assets/Scenes/Main Scene/Scripts/PlayerState.cs
  artifactKey: Guid(37e55aa85161b6e43bd5aa81a48c0a62) Importer(815301076,1909f56bfc062723c751e8b465ee728b)
Start importing Assets/Scenes/Main Scene/Scripts/PlayerState.cs using Guid(37e55aa85161b6e43bd5aa81a48c0a62) Importer(815301076,1909f56bfc062723c751e8b465ee728b)  -> (artifact id: '7ff5ca2a0eb0662f3862b883369fe283') in 0.013126 seconds
  Import took 0.024388 seconds .

========================================================================
Received Import Request.
  Time since last request: 0.001894 seconds.
  path: Assets/Scenes/Main Scene/Scripts/PlayerState.cs
  artifactKey: Guid(37e55aa85161b6e43bd5aa81a48c0a62) Importer(815301076,1909f56bfc062723c751e8b465ee728b)
Start importing Assets/Scenes/Main Scene/Scripts/PlayerState.cs using Guid(37e55aa85161b6e43bd5aa81a48c0a62) Importer(815301076,1909f56bfc062723c751e8b465ee728b)  -> (artifact id: '7ff5ca2a0eb0662f3862b883369fe283') in 0.005574 seconds
  Import took 0.012625 seconds .

========================================================================
Received Prepare
Registering precompiled user dll's ...
Registered in 0.001810 seconds.
Begin MonoManager ReloadAssembly
Native extension for WindowsStandalone target not found
Native extension for WebGL target not found
Refreshing native plugins compatible for Editor in 0.67 ms, found 0 plugins.
Preloading 0 native plugins for Editor in 0.00 ms.
Invoked RoslynAnalysisRunner static constructor.
RoslynAnalysisRunner will not be running.
RoslynAnalysisRunner has terminated.
Mono: successfully reloaded assembly
- Completed reload, in  1.334 seconds
Platform modules already initialized, skipping
Shader 'Universal Render Pipeline/Particles/Lit': fallback shader 'Universal Render Pipeline/Particles/SimpleLit' not found
Refreshing native plugins compatible for Editor in 1.77 ms, found 0 plugins.
Preloading 0 native plugins for Editor in 0.00 ms.
Unloading 3779 Unused Serialized files (Serialized files now loaded: 0)
System memory in use before: 174.7 MB.
System memory in use after: 175.0 MB.

Unloading 8 unused Assets to reduce memory usage. Loaded Objects now: 4863.
Total: 3.700300 ms (FindLiveObjects: 0.498500 ms CreateObjectMapping: 0.133100 ms MarkObjects: 3.011300 ms  DeleteObjects: 0.055800 ms)

========================================================================
Received Prepare
Registering precompiled user dll's ...
Registered in 0.001603 seconds.
Begin MonoManager ReloadAssembly
Native extension for WindowsStandalone target not found
Native extension for WebGL target not found
Refreshing native plugins compatible for Editor in 0.68 ms, found 0 plugins.
Preloading 0 native plugins for Editor in 0.00 ms.
Invoked RoslynAnalysisRunner static constructor.
RoslynAnalysisRunner will not be running.
RoslynAnalysisRunner has terminated.
Mono: successfully reloaded assembly
- Completed reload, in  1.296 seconds
Platform modules already initialized, skipping
Shader 'Universal Render Pipeline/Particles/Lit': fallback shader 'Universal Render Pipeline/Particles/SimpleLit' not found
Refreshing native plugins compatible for Editor in 0.72 ms, found 0 plugins.
Preloading 0 native plugins for Editor in 0.00 ms.
Unloading 3779 Unused Serialized files (Serialized files now loaded: 0)
System memory in use before: 174.7 MB.
System memory in use after: 175.0 MB.

Unloading 6 unused Assets to reduce memory usage. Loaded Objects now: 4866.
Total: 3.456800 ms (FindLiveObjects: 0.448700 ms CreateObjectMapping: 0.138400 ms MarkObjects: 2.830700 ms  DeleteObjects: 0.038100 ms)

========================================================================
Received Prepare
Registering precompiled user dll's ...
Registered in 0.001487 seconds.
Begin MonoManager ReloadAssembly
Native extension for WindowsStandalone target not found
Native extension for WebGL target not found
Refreshing native plugins compatible for Editor in 0.69 ms, found 0 plugins.
Preloading 0 native plugins for Editor in 0.00 ms.
Invoked RoslynAnalysisRunner static constructor.
RoslynAnalysisRunner will not be running.
RoslynAnalysisRunner has terminated.
Mono: successfully reloaded assembly
- Completed reload, in  1.317 seconds
Platform modules already initialized, skipping
Shader 'Universal Render Pipeline/Particles/Lit': fallback shader 'Universal Render Pipeline/Particles/SimpleLit' not found
Refreshing native plugins compatible for Editor in 0.68 ms, found 0 plugins.
Preloading 0 native plugins for Editor in 0.00 ms.
Unloading 3779 Unused Serialized files (Serialized files now loaded: 0)
System memory in use before: 174.7 MB.
System memory in use after: 175.0 MB.

Unloading 6 unused Assets to reduce memory usage. Loaded Objects now: 4869.
Total: 3.601600 ms (FindLiveObjects: 0.583700 ms CreateObjectMapping: 0.114100 ms MarkObjects: 2.869800 ms  DeleteObjects: 0.032700 ms)

========================================================================
Received Prepare
Registering precompiled user dll's ...
Registered in 0.001852 seconds.
Begin MonoManager ReloadAssembly
Native extension for WindowsStandalone target not found
Native extension for WebGL target not found
Refreshing native plugins compatible for Editor in 0.71 ms, found 0 plugins.
Preloading 0 native plugins for Editor in 0.00 ms.
Invoked RoslynAnalysisRunner static constructor.
RoslynAnalysisRunner will not be running.
RoslynAnalysisRunner has terminated.
Mono: successfully reloaded assembly
- Completed reload, in  1.308 seconds
Platform modules already initialized, skipping
Shader 'Universal Render Pipeline/Particles/Lit': fallback shader 'Universal Render Pipeline/Particles/SimpleLit' not found
Refreshing native plugins compatible for Editor in 0.70 ms, found 0 plugins.
Preloading 0 native plugins for Editor in 0.00 ms.
Unloading 3779 Unused Serialized files (Serialized files now loaded: 0)
System memory in use before: 174.7 MB.
System memory in use after: 175.0 MB.

Unloading 6 unused Assets to reduce memory usage. Loaded Objects now: 4872.
Total: 4.156600 ms (FindLiveObjects: 0.650000 ms CreateObjectMapping: 0.119200 ms MarkObjects: 3.343000 ms  DeleteObjects: 0.043000 ms)

========================================================================
Received Prepare
Registering precompiled user dll's ...
Registered in 0.001477 seconds.
Begin MonoManager ReloadAssembly
Native extension for WindowsStandalone target not found
Native extension for WebGL target not found
Refreshing native plugins compatible for Editor in 0.68 ms, found 0 plugins.
Preloading 0 native plugins for Editor in 0.00 ms.
Invoked RoslynAnalysisRunner static constructor.
RoslynAnalysisRunner will not be running.
RoslynAnalysisRunner has terminated.
Mono: successfully reloaded assembly
- Completed reload, in  1.300 seconds
Platform modules already initialized, skipping
Shader 'Universal Render Pipeline/Particles/Lit': fallback shader 'Universal Render Pipeline/Particles/SimpleLit' not found
Refreshing native plugins compatible for Editor in 0.75 ms, found 0 plugins.
Preloading 0 native plugins for Editor in 0.00 ms.
Unloading 3779 Unused Serialized files (Serialized files now loaded: 0)
System memory in use before: 174.8 MB.
System memory in use after: 175.0 MB.

Unloading 6 unused Assets to reduce memory usage. Loaded Objects now: 4875.
Total: 3.452700 ms (FindLiveObjects: 0.440800 ms CreateObjectMapping: 0.114600 ms MarkObjects: 2.862400 ms  DeleteObjects: 0.033600 ms)

========================================================================
Received Prepare
Registering precompiled user dll's ...
Registered in 0.001461 seconds.
Begin MonoManager ReloadAssembly
Native extension for WindowsStandalone target not found
Native extension for WebGL target not found
Refreshing native plugins compatible for Editor in 0.97 ms, found 0 plugins.
Preloading 0 native plugins for Editor in 0.00 ms.
Invoked RoslynAnalysisRunner static constructor.
RoslynAnalysisRunner will not be running.
RoslynAnalysisRunner has terminated.
Mono: successfully reloaded assembly
- Completed reload, in  1.354 seconds
Platform modules already initialized, skipping
Shader 'Universal Render Pipeline/Particles/Lit': fallback shader 'Universal Render Pipeline/Particles/SimpleLit' not found
Refreshing native plugins compatible for Editor in 1.05 ms, found 0 plugins.
Preloading 0 native plugins for Editor in 0.00 ms.
Unloading 3779 Unused Serialized files (Serialized files now loaded: 0)
System memory in use before: 174.8 MB.
System memory in use after: 175.0 MB.

Unloading 6 unused Assets to reduce memory usage. Loaded Objects now: 4878.
Total: 4.304200 ms (FindLiveObjects: 0.871600 ms CreateObjectMapping: 0.236800 ms MarkObjects: 3.158900 ms  DeleteObjects: 0.035500 ms)

========================================================================
Received Prepare
Registering precompiled user dll's ...
Registered in 0.001470 seconds.
Begin MonoManager ReloadAssembly
Native extension for WindowsStandalone target not found
Native extension for WebGL target not found
Refreshing native plugins compatible for Editor in 0.99 ms, found 0 plugins.
Preloading 0 native plugins for Editor in 0.00 ms.
Invoked RoslynAnalysisRunner static constructor.
RoslynAnalysisRunner will not be running.
RoslynAnalysisRunner has terminated.
Mono: successfully reloaded assembly
- Completed reload, in  1.325 seconds
Platform modules already initialized, skipping
Shader 'Universal Render Pipeline/Particles/Lit': fallback shader 'Universal Render Pipeline/Particles/SimpleLit' not found
Refreshing native plugins compatible for Editor in 0.67 ms, found 0 plugins.
Preloading 0 native plugins for Editor in 0.00 ms.
Unloading 3779 Unused Serialized files (Serialized files now loaded: 0)
System memory in use before: 174.8 MB.
System memory in use after: 175.0 MB.

Unloading 6 unused Assets to reduce memory usage. Loaded Objects now: 4881.
Total: 3.660100 ms (FindLiveObjects: 0.494200 ms CreateObjectMapping: 0.132700 ms MarkObjects: 2.992800 ms  DeleteObjects: 0.039000 ms)

========================================================================
Received Import Request.
  Time since last request: 1642.376040 seconds.
  path: Assets/Scenes/Main Scene/Prefabs/Marker.prefab
  artifactKey: Guid(dd47d1af334ba4945b0eeb450447cb46) Importer(815301076,1909f56bfc062723c751e8b465ee728b)
Start importing Assets/Scenes/Main Scene/Prefabs/Marker.prefab using Guid(dd47d1af334ba4945b0eeb450447cb46) Importer(815301076,1909f56bfc062723c751e8b465ee728b)  -> (artifact id: '50aa816082cec8d3559caa1badd5532a') in 0.196530 seconds
  Import took 0.203817 seconds .

========================================================================
Received Import Request.
  Time since last request: 5.535665 seconds.
  path: Assets/Scenes/Main Scene/Prefabs/Marker.prefab
  artifactKey: Guid(dd47d1af334ba4945b0eeb450447cb46) Importer(815301076,1909f56bfc062723c751e8b465ee728b)
Start importing Assets/Scenes/Main Scene/Prefabs/Marker.prefab using Guid(dd47d1af334ba4945b0eeb450447cb46) Importer(815301076,1909f56bfc062723c751e8b465ee728b)  -> (artifact id: '1abc5d70f4d013bd4c6026f996019191') in 0.013853 seconds
  Import took 0.020129 seconds .

========================================================================
Received Prepare
Registering precompiled user dll's ...
Registered in 0.001841 seconds.
Begin MonoManager ReloadAssembly
Native extension for WindowsStandalone target not found
Native extension for WebGL target not found
Refreshing native plugins compatible for Editor in 0.73 ms, found 0 plugins.
Preloading 0 native plugins for Editor in 0.00 ms.
Invoked RoslynAnalysisRunner static constructor.
RoslynAnalysisRunner will not be running.
RoslynAnalysisRunner has terminated.
Mono: successfully reloaded assembly
- Completed reload, in  1.297 seconds
Platform modules already initialized, skipping
Shader 'Universal Render Pipeline/Particles/Lit': fallback shader 'Universal Render Pipeline/Particles/SimpleLit' not found
Refreshing native plugins compatible for Editor in 0.71 ms, found 0 plugins.
Preloading 0 native plugins for Editor in 0.00 ms.
Unloading 3779 Unused Serialized files (Serialized files now loaded: 0)
System memory in use before: 174.9 MB.
System memory in use after: 175.2 MB.

Unloading 6 unused Assets to reduce memory usage. Loaded Objects now: 5004.
Total: 3.985600 ms (FindLiveObjects: 0.524800 ms CreateObjectMapping: 0.122300 ms MarkObjects: 3.298300 ms  DeleteObjects: 0.038800 ms)

